<?xml version="1.0" encoding="UTF-8"?>
<testsuite name="hello.ConfigClientApplicationTest" time="2.544" tests="1" errors="0" skipped="0" failures="1">
  <properties>
[...]
</properties>
  <testcase name="contextLoads" classname="hello.ConfigClientApplicationTest" time="2.544">
    <failure message="expected:&lt;&quot;Hello [tes]t&quot;&gt; but was:&lt;&quot;Hello [defaul]t&quot;&gt;" type="org.junit.ComparisonFailure"><![CDATA[org.junit.ComparisonFailure: expected:<"Hello [tes]t"> but was:<"Hello [defaul]t">
	at sun.reflect.NativeConstructorAccessorImpl.newInstance0(Native Method)
	at sun.reflect.NativeConstructorAccessorImpl.newInstance(NativeConstructorAccessorImpl.java:62)
	at sun.reflect.DelegatingConstructorAccessorImpl.newInstance(DelegatingConstructorAccessorImpl.java:45)
	at hello.ConfigClientApplicationTest.contextLoads(ConfigClientApplicationTest.java:49)
]]></failure>
    <system-out><![CDATA[17:02:14.071 [main] DEBUG org.springframework.test.context.junit4.SpringJUnit4ClassRunner - SpringJUnit4ClassRunner constructor called with [class hello.ConfigClientApplicationTest]
17:02:14.089 [main] DEBUG org.springframework.test.context.BootstrapUtils - Instantiating CacheAwareContextLoaderDelegate from class [org.springframework.test.context.cache.DefaultCacheAwareContextLoaderDelegate]
17:02:14.161 [main] DEBUG org.springframework.test.context.BootstrapUtils - Instantiating BootstrapContext using constructor [public org.springframework.test.context.support.DefaultBootstrapContext(java.lang.Class,org.springframework.test.context.CacheAwareContextLoaderDelegate)]
17:02:14.224 [main] DEBUG org.springframework.test.context.BootstrapUtils - Instantiating TestContextBootstrapper for test class [hello.ConfigClientApplicationTest] from class [org.springframework.boot.test.context.SpringBootTestContextBootstrapper]
17:02:14.255 [main] INFO org.springframework.boot.test.context.SpringBootTestContextBootstrapper - Neither @ContextConfiguration nor @ContextHierarchy found for test class [hello.ConfigClientApplicationTest], using SpringBootContextLoader
17:02:14.265 [main] DEBUG org.springframework.test.context.support.AbstractContextLoader - Did not detect default resource location for test class [hello.ConfigClientApplicationTest]: class path resource [hello/ConfigClientApplicationTest-context.xml] does not exist
17:02:14.265 [main] DEBUG org.springframework.test.context.support.AbstractContextLoader - Did not detect default resource location for test class [hello.ConfigClientApplicationTest]: class path resource [hello/ConfigClientApplicationTestContext.groovy] does not exist
17:02:14.266 [main] INFO org.springframework.test.context.support.AbstractContextLoader - Could not detect default resource locations for test class [hello.ConfigClientApplicationTest]: no resource found for suffixes {-context.xml, Context.groovy}.
17:02:14.269 [main] INFO org.springframework.test.context.support.AnnotationConfigContextLoaderUtils - Could not detect default configuration classes for test class [hello.ConfigClientApplicationTest]: ConfigClientApplicationTest does not declare any static, non-private, non-final, nested classes annotated with @Configuration.
17:02:14.352 [main] DEBUG org.springframework.test.context.support.ActiveProfilesUtils - Could not find an 'annotation declaring class' for annotation type [org.springframework.test.context.ActiveProfiles] and class [hello.ConfigClientApplicationTest]
17:02:14.373 [main] DEBUG org.springframework.core.env.StandardEnvironment - Adding PropertySource 'systemProperties' with lowest search precedence
17:02:14.373 [main] DEBUG org.springframework.core.env.StandardEnvironment - Adding PropertySource 'systemEnvironment' with lowest search precedence
17:02:14.375 [main] DEBUG org.springframework.core.env.StandardEnvironment - Initialized StandardEnvironment with PropertySources [MapPropertySource@394714818 {name='systemProperties', properties={java.runtime.name=Java(TM) SE Runtime Environment, sun.boot.library.path=C:\Program Files\Java\jdk1.8.0_151\jre\bin, java.vm.version=25.151-b12, java.vm.vendor=Oracle Corporation, java.vendor.url=http://java.oracle.com/, path.separator=;, java.vm.name=Java HotSpot(TM) 64-Bit Server VM, file.encoding.pkg=sun.io, user.country=US, user.script=, sun.java.launcher=SUN_STANDARD, sun.os.patch.level=, java.vm.specification.name=Java Virtual Machine Specification, user.dir=C:\Users\dimple.a.sharma\Downloads\config server 31jan\gs-centralized-configuration-master\gs-centralized-configuration-master\complete\configuration-client, java.runtime.version=1.8.0_151-b12, basedir=C:\Users\dimple.a.sharma\Downloads\config server 31jan\gs-centralized-configuration-master\gs-centralized-configuration-master\complete\configuration-client, java.awt.graphicsenv=sun.awt.Win32GraphicsEnvironment, java.endorsed.dirs=C:\Program Files\Java\jdk1.8.0_151\jre\lib\endorsed, os.arch=amd64, surefire.real.class.path=C:\Users\dimple.a.sharma\Downloads\config server 31jan\gs-centralized-configuration-master\gs-centralized-configuration-master\complete\configuration-client\target\surefire\surefirebooter3419367963207704251.jar, java.io.tmpdir=C:\Users\DIMPLE~1.SHA\AppData\Local\Temp\, line.separator=
, java.vm.specification.vendor=Oracle Corporation, user.variant=, os.name=Windows 10, sun.jnu.encoding=Cp1252, java.library.path=C:\Program Files\Java\jdk1.8.0_151\jre\bin;C:\windows\Sun\Java\bin;C:\windows\system32;C:\windows;C:\ProgramData\Oracle\Java\javapath;C:\windows\system32;C:\windows;C:\windows\System32\Wbem;C:\windows\System32\WindowsPowerShell\v1.0\;C:\Program Files\Java\jdk1.8.0_151\bin\;C:\Program Files\Git\cmd;C:\Users\dimple.a.sharma\AppData\Roaming\Cloud Foundry;C:\Program Files\apache-maven-3.5.2-bin\apache-maven-3.5.2\bin;C:\Users\dimple.a.sharma\AppData\Local\Microsoft\WindowsApps;C:\Program Files\apache-maven-3.5.2\apache-maven\src\bin;;., surefire.test.class.path=C:\Users\dimple.a.sharma\Downloads\config server 31jan\gs-centralized-configuration-master\gs-centralized-configuration-master\complete\configuration-client\target\test-classes;C:\Users\dimple.a.sharma\Downloads\config server 31jan\gs-centralized-configuration-master\gs-centralized-configuration-master\complete\configuration-client\target\classes;C:\Users\dimple.a.sharma\.m2\repository\org\springframework\cloud\spring-cloud-starter-config\1.4.0.RELEASE\spring-cloud-starter-config-1.4.0.RELEASE.jar;C:\Users\dimple.a.sharma\.m2\repository\org\springframework\cloud\spring-cloud-starter\1.3.0.RELEASE\spring-cloud-starter-1.3.0.RELEASE.jar;C:\Users\dimple.a.sharma\.m2\repository\org\springframework\cloud\spring-cloud-context\1.3.0.RELEASE\spring-cloud-context-1.3.0.RELEASE.jar;C:\Users\dimple.a.sharma\.m2\repository\org\springframework\security\spring-security-crypto\4.2.3.RELEASE\spring-security-crypto-4.2.3.RELEASE.jar;C:\Users\dimple.a.sharma\.m2\repository\org\springframework\cloud\spring-cloud-commons\1.3.0.RELEASE\spring-cloud-commons-1.3.0.RELEASE.jar;C:\Users\dimple.a.sharma\.m2\repository\org\apache\httpcomponents\httpclient\4.5.3\httpclient-4.5.3.jar;C:\Users\dimple.a.sharma\.m2\repository\org\apache\httpcomponents\httpcore\4.4.8\httpcore-4.4.8.jar;C:\Users\dimple.a.sharma\.m2\repository\commons-codec\commons-codec\1.10\commons-codec-1.10.jar;C:\Users\dimple.a.sharma\.m2\repository\org\springframework\security\spring-security-rsa\1.0.3.RELEASE\spring-security-rsa-1.0.3.RELEASE.jar;C:\Users\dimple.a.sharma\.m2\repository\org\bouncycastle\bcpkix-jdk15on\1.55\bcpkix-jdk15on-1.55.jar;C:\Users\dimple.a.sharma\.m2\repository\org\bouncycastle\bcprov-jdk15on\1.55\bcprov-jdk15on-1.55.jar;C:\Users\dimple.a.sharma\.m2\repository\org\springframework\cloud\spring-cloud-config-client\1.4.0.RELEASE\spring-cloud-config-client-1.4.0.RELEASE.jar;C:\Users\dimple.a.sharma\.m2\repository\org\springframework\boot\spring-boot-autoconfigure\1.5.9.RELEASE\spring-boot-autoconfigure-1.5.9.RELEASE.jar;C:\Users\dimple.a.sharma\.m2\repository\com\fasterxml\jackson\core\jackson-annotations\2.8.0\jackson-annotations-2.8.0.jar;C:\Users\dimple.a.sharma\.m2\repository\com\fasterxml\jackson\core\jackson-databind\2.8.10\jackson-databind-2.8.10.jar;C:\Users\dimple.a.sharma\.m2\repository\com\fasterxml\jackson\core\jackson-core\2.8.10\jackson-core-2.8.10.jar;C:\Users\dimple.a.sharma\.m2\repository\org\springframework\boot\spring-boot-starter-actuator\1.5.9.RELEASE\spring-boot-starter-actuator-1.5.9.RELEASE.jar;C:\Users\dimple.a.sharma\.m2\repository\org\springframework\boot\spring-boot-starter\1.5.9.RELEASE\spring-boot-starter-1.5.9.RELEASE.jar;C:\Users\dimple.a.sharma\.m2\repository\org\springframework\boot\spring-boot\1.5.9.RELEASE\spring-boot-1.5.9.RELEASE.jar;C:\Users\dimple.a.sharma\.m2\repository\org\springframework\boot\spring-boot-starter-logging\1.5.9.RELEASE\spring-boot-starter-logging-1.5.9.RELEASE.jar;C:\Users\dimple.a.sharma\.m2\repository\ch\qos\logback\logback-classic\1.1.11\logback-classic-1.1.11.jar;C:\Users\dimple.a.sharma\.m2\repository\ch\qos\logback\logback-core\1.1.11\logback-core-1.1.11.jar;C:\Users\dimple.a.sharma\.m2\repository\org\slf4j\jcl-over-slf4j\1.7.25\jcl-over-slf4j-1.7.25.jar;C:\Users\dimple.a.sharma\.m2\repository\org\slf4j\jul-to-slf4j\1.7.25\jul-to-slf4j-1.7.25.jar;C:\Users\dimple.a.sharma\.m2\repository\org\slf4j\log4j-over-slf4j\1.7.25\log4j-over-slf4j-1.7.25.jar;C:\Users\dimple.a.sharma\.m2\repository\org\yaml\snakeyaml\1.17\snakeyaml-1.17.jar;C:\Users\dimple.a.sharma\.m2\repository\org\springframework\boot\spring-boot-actuator\1.5.9.RELEASE\spring-boot-actuator-1.5.9.RELEASE.jar;C:\Users\dimple.a.sharma\.m2\repository\org\springframework\spring-context\4.3.13.RELEASE\spring-context-4.3.13.RELEASE.jar;C:\Users\dimple.a.sharma\.m2\repository\org\springframework\boot\spring-boot-starter-web\1.5.9.RELEASE\spring-boot-starter-web-1.5.9.RELEASE.jar;C:\Users\dimple.a.sharma\.m2\repository\org\springframework\boot\spring-boot-starter-tomcat\1.5.9.RELEASE\spring-boot-starter-tomcat-1.5.9.RELEASE.jar;C:\Users\dimple.a.sharma\.m2\repository\org\apache\tomcat\embed\tomcat-embed-core\8.5.23\tomcat-embed-core-8.5.23.jar;C:\Users\dimple.a.sharma\.m2\repository\org\apache\tomcat\tomcat-annotations-api\8.5.23\tomcat-annotations-api-8.5.23.jar;C:\Users\dimple.a.sharma\.m2\repository\org\apache\tomcat\embed\tomcat-embed-el\8.5.23\tomcat-embed-el-8.5.23.jar;C:\Users\dimple.a.sharma\.m2\repository\org\apache\tomcat\embed\tomcat-embed-websocket\8.5.23\tomcat-embed-websocket-8.5.23.jar;C:\Users\dimple.a.sharma\.m2\repository\org\hibernate\hibernate-validator\5.3.6.Final\hibernate-validator-5.3.6.Final.jar;C:\Users\dimple.a.sharma\.m2\repository\javax\validation\validation-api\1.1.0.Final\validation-api-1.1.0.Final.jar;C:\Users\dimple.a.sharma\.m2\repository\org\jboss\logging\jboss-logging\3.3.1.Final\jboss-logging-3.3.1.Final.jar;C:\Users\dimple.a.sharma\.m2\repository\com\fasterxml\classmate\1.3.4\classmate-1.3.4.jar;C:\Users\dimple.a.sharma\.m2\repository\org\springframework\spring-web\4.3.13.RELEASE\spring-web-4.3.13.RELEASE.jar;C:\Users\dimple.a.sharma\.m2\repository\org\springframework\spring-aop\4.3.13.RELEASE\spring-aop-4.3.13.RELEASE.jar;C:\Users\dimple.a.sharma\.m2\repository\org\springframework\spring-beans\4.3.13.RELEASE\spring-beans-4.3.13.RELEASE.jar;C:\Users\dimple.a.sharma\.m2\repository\org\springframework\spring-webmvc\4.3.13.RELEASE\spring-webmvc-4.3.13.RELEASE.jar;C:\Users\dimple.a.sharma\.m2\repository\org\springframework\spring-expression\4.3.13.RELEASE\spring-expression-4.3.13.RELEASE.jar;C:\Users\dimple.a.sharma\.m2\repository\org\springframework\boot\spring-boot-starter-test\1.5.9.RELEASE\spring-boot-starter-test-1.5.9.RELEASE.jar;C:\Users\dimple.a.sharma\.m2\repository\org\springframework\boot\spring-boot-test\1.5.9.RELEASE\spring-boot-test-1.5.9.RELEASE.jar;C:\Users\dimple.a.sharma\.m2\repository\org\springframework\boot\spring-boot-test-autoconfigure\1.5.9.RELEASE\spring-boot-test-autoconfigure-1.5.9.RELEASE.jar;C:\Users\dimple.a.sharma\.m2\repository\com\jayway\jsonpath\json-path\2.2.0\json-path-2.2.0.jar;C:\Users\dimple.a.sharma\.m2\repository\net\minidev\json-smart\2.2.1\json-smart-2.2.1.jar;C:\Users\dimple.a.sharma\.m2\repository\net\minidev\accessors-smart\1.1\accessors-smart-1.1.jar;C:\Users\dimple.a.sharma\.m2\repository\org\ow2\asm\asm\5.0.3\asm-5.0.3.jar;C:\Users\dimple.a.sharma\.m2\repository\org\slf4j\slf4j-api\1.7.25\slf4j-api-1.7.25.jar;C:\Users\dimple.a.sharma\.m2\repository\junit\junit\4.12\junit-4.12.jar;C:\Users\dimple.a.sharma\.m2\repository\org\assertj\assertj-core\2.6.0\assertj-core-2.6.0.jar;C:\Users\dimple.a.sharma\.m2\repository\org\mockito\mockito-core\1.10.19\mockito-core-1.10.19.jar;C:\Users\dimple.a.sharma\.m2\repository\org\objenesis\objenesis\2.1\objenesis-2.1.jar;C:\Users\dimple.a.sharma\.m2\repository\org\hamcrest\hamcrest-core\1.3\hamcrest-core-1.3.jar;C:\Users\dimple.a.sharma\.m2\repository\org\hamcrest\hamcrest-library\1.3\hamcrest-library-1.3.jar;C:\Users\dimple.a.sharma\.m2\repository\org\skyscreamer\jsonassert\1.4.0\jsonassert-1.4.0.jar;C:\Users\dimple.a.sharma\.m2\repository\com\vaadin\external\google\android-json\0.0.20131108.vaadin1\android-json-0.0.20131108.vaadin1.jar;C:\Users\dimple.a.sharma\.m2\repository\org\springframework\spring-core\4.3.13.RELEASE\spring-core-4.3.13.RELEASE.jar;C:\Users\dimple.a.sharma\.m2\repository\org\springframework\spring-test\4.3.13.RELEASE\spring-test-4.3.13.RELEASE.jar;, java.specification.name=Java Platform API Specification, java.class.version=52.0, sun.management.compiler=HotSpot 64-Bit Tiered Compilers, os.version=10.0, user.home=C:\Users\dimple.a.sharma, user.timezone=Asia/Calcutta, java.awt.printerjob=sun.awt.windows.WPrinterJob, file.encoding=Cp1252, java.specification.version=1.8, java.class.path=C:\Users\dimple.a.sharma\Downloads\config server 31jan\gs-centralized-configuration-master\gs-centralized-configuration-master\complete\configuration-client\target\test-classes;C:\Users\dimple.a.sharma\Downloads\config server 31jan\gs-centralized-configuration-master\gs-centralized-configuration-master\complete\configuration-client\target\classes;C:\Users\dimple.a.sharma\.m2\repository\org\springframework\cloud\spring-cloud-starter-config\1.4.0.RELEASE\spring-cloud-starter-config-1.4.0.RELEASE.jar;C:\Users\dimple.a.sharma\.m2\repository\org\springframework\cloud\spring-cloud-starter\1.3.0.RELEASE\spring-cloud-starter-1.3.0.RELEASE.jar;C:\Users\dimple.a.sharma\.m2\repository\org\springframework\cloud\spring-cloud-context\1.3.0.RELEASE\spring-cloud-context-1.3.0.RELEASE.jar;C:\Users\dimple.a.sharma\.m2\repository\org\springframework\security\spring-security-crypto\4.2.3.RELEASE\spring-security-crypto-4.2.3.RELEASE.jar;C:\Users\dimple.a.sharma\.m2\repository\org\springframework\cloud\spring-cloud-commons\1.3.0.RELEASE\spring-cloud-commons-1.3.0.RELEASE.jar;C:\Users\dimple.a.sharma\.m2\repository\org\apache\httpcomponents\httpclient\4.5.3\httpclient-4.5.3.jar;C:\Users\dimple.a.sharma\.m2\repository\org\apache\httpcomponents\httpcore\4.4.8\httpcore-4.4.8.jar;C:\Users\dimple.a.sharma\.m2\repository\commons-codec\commons-codec\1.10\commons-codec-1.10.jar;C:\Users\dimple.a.sharma\.m2\repository\org\springframework\security\spring-security-rsa\1.0.3.RELEASE\spring-security-rsa-1.0.3.RELEASE.jar;C:\Users\dimple.a.sharma\.m2\repository\org\bouncycastle\bcpkix-jdk15on\1.55\bcpkix-jdk15on-1.55.jar;C:\Users\dimple.a.sharma\.m2\repository\org\bouncycastle\bcprov-jdk15on\1.55\bcprov-jdk15on-1.55.jar;C:\Users\dimple.a.sharma\.m2\repository\org\springframework\cloud\spring-cloud-config-client\1.4.0.RELEASE\spring-cloud-config-client-1.4.0.RELEASE.jar;C:\Users\dimple.a.sharma\.m2\repository\org\springframework\boot\spring-boot-autoconfigure\1.5.9.RELEASE\spring-boot-autoconfigure-1.5.9.RELEASE.jar;C:\Users\dimple.a.sharma\.m2\repository\com\fasterxml\jackson\core\jackson-annotations\2.8.0\jackson-annotations-2.8.0.jar;C:\Users\dimple.a.sharma\.m2\repository\com\fasterxml\jackson\core\jackson-databind\2.8.10\jackson-databind-2.8.10.jar;C:\Users\dimple.a.sharma\.m2\repository\com\fasterxml\jackson\core\jackson-core\2.8.10\jackson-core-2.8.10.jar;C:\Users\dimple.a.sharma\.m2\repository\org\springframework\boot\spring-boot-starter-actuator\1.5.9.RELEASE\spring-boot-starter-actuator-1.5.9.RELEASE.jar;C:\Users\dimple.a.sharma\.m2\repository\org\springframework\boot\spring-boot-starter\1.5.9.RELEASE\spring-boot-starter-1.5.9.RELEASE.jar;C:\Users\dimple.a.sharma\.m2\repository\org\springframework\boot\spring-boot\1.5.9.RELEASE\spring-boot-1.5.9.RELEASE.jar;C:\Users\dimple.a.sharma\.m2\repository\org\springframework\boot\spring-boot-starter-logging\1.5.9.RELEASE\spring-boot-starter-logging-1.5.9.RELEASE.jar;C:\Users\dimple.a.sharma\.m2\repository\ch\qos\logback\logback-classic\1.1.11\logback-classic-1.1.11.jar;C:\Users\dimple.a.sharma\.m2\repository\ch\qos\logback\logback-core\1.1.11\logback-core-1.1.11.jar;C:\Users\dimple.a.sharma\.m2\repository\org\slf4j\jcl-over-slf4j\1.7.25\jcl-over-slf4j-1.7.25.jar;C:\Users\dimple.a.sharma\.m2\repository\org\slf4j\jul-to-slf4j\1.7.25\jul-to-slf4j-1.7.25.jar;C:\Users\dimple.a.sharma\.m2\repository\org\slf4j\log4j-over-slf4j\1.7.25\log4j-over-slf4j-1.7.25.jar;C:\Users\dimple.a.sharma\.m2\repository\org\yaml\snakeyaml\1.17\snakeyaml-1.17.jar;C:\Users\dimple.a.sharma\.m2\repository\org\springframework\boot\spring-boot-actuator\1.5.9.RELEASE\spring-boot-actuator-1.5.9.RELEASE.jar;C:\Users\dimple.a.sharma\.m2\repository\org\springframework\spring-context\4.3.13.RELEASE\spring-context-4.3.13.RELEASE.jar;C:\Users\dimple.a.sharma\.m2\repository\org\springframework\boot\spring-boot-starter-web\1.5.9.RELEASE\spring-boot-starter-web-1.5.9.RELEASE.jar;C:\Users\dimple.a.sharma\.m2\repository\org\springframework\boot\spring-boot-starter-tomcat\1.5.9.RELEASE\spring-boot-starter-tomcat-1.5.9.RELEASE.jar;C:\Users\dimple.a.sharma\.m2\repository\org\apache\tomcat\embed\tomcat-embed-core\8.5.23\tomcat-embed-core-8.5.23.jar;C:\Users\dimple.a.sharma\.m2\repository\org\apache\tomcat\tomcat-annotations-api\8.5.23\tomcat-annotations-api-8.5.23.jar;C:\Users\dimple.a.sharma\.m2\repository\org\apache\tomcat\embed\tomcat-embed-el\8.5.23\tomcat-embed-el-8.5.23.jar;C:\Users\dimple.a.sharma\.m2\repository\org\apache\tomcat\embed\tomcat-embed-websocket\8.5.23\tomcat-embed-websocket-8.5.23.jar;C:\Users\dimple.a.sharma\.m2\repository\org\hibernate\hibernate-validator\5.3.6.Final\hibernate-validator-5.3.6.Final.jar;C:\Users\dimple.a.sharma\.m2\repository\javax\validation\validation-api\1.1.0.Final\validation-api-1.1.0.Final.jar;C:\Users\dimple.a.sharma\.m2\repository\org\jboss\logging\jboss-logging\3.3.1.Final\jboss-logging-3.3.1.Final.jar;C:\Users\dimple.a.sharma\.m2\repository\com\fasterxml\classmate\1.3.4\classmate-1.3.4.jar;C:\Users\dimple.a.sharma\.m2\repository\org\springframework\spring-web\4.3.13.RELEASE\spring-web-4.3.13.RELEASE.jar;C:\Users\dimple.a.sharma\.m2\repository\org\springframework\spring-aop\4.3.13.RELEASE\spring-aop-4.3.13.RELEASE.jar;C:\Users\dimple.a.sharma\.m2\repository\org\springframework\spring-beans\4.3.13.RELEASE\spring-beans-4.3.13.RELEASE.jar;C:\Users\dimple.a.sharma\.m2\repository\org\springframework\spring-webmvc\4.3.13.RELEASE\spring-webmvc-4.3.13.RELEASE.jar;C:\Users\dimple.a.sharma\.m2\repository\org\springframework\spring-expression\4.3.13.RELEASE\spring-expression-4.3.13.RELEASE.jar;C:\Users\dimple.a.sharma\.m2\repository\org\springframework\boot\spring-boot-starter-test\1.5.9.RELEASE\spring-boot-starter-test-1.5.9.RELEASE.jar;C:\Users\dimple.a.sharma\.m2\repository\org\springframework\boot\spring-boot-test\1.5.9.RELEASE\spring-boot-test-1.5.9.RELEASE.jar;C:\Users\dimple.a.sharma\.m2\repository\org\springframework\boot\spring-boot-test-autoconfigure\1.5.9.RELEASE\spring-boot-test-autoconfigure-1.5.9.RELEASE.jar;C:\Users\dimple.a.sharma\.m2\repository\com\jayway\jsonpath\json-path\2.2.0\json-path-2.2.0.jar;C:\Users\dimple.a.sharma\.m2\repository\net\minidev\json-smart\2.2.1\json-smart-2.2.1.jar;C:\Users\dimple.a.sharma\.m2\repository\net\minidev\accessors-smart\1.1\accessors-smart-1.1.jar;C:\Users\dimple.a.sharma\.m2\repository\org\ow2\asm\asm\5.0.3\asm-5.0.3.jar;C:\Users\dimple.a.sharma\.m2\repository\org\slf4j\slf4j-api\1.7.25\slf4j-api-1.7.25.jar;C:\Users\dimple.a.sharma\.m2\repository\junit\junit\4.12\junit-4.12.jar;C:\Users\dimple.a.sharma\.m2\repository\org\assertj\assertj-core\2.6.0\assertj-core-2.6.0.jar;C:\Users\dimple.a.sharma\.m2\repository\org\mockito\mockito-core\1.10.19\mockito-core-1.10.19.jar;C:\Users\dimple.a.sharma\.m2\repository\org\objenesis\objenesis\2.1\objenesis-2.1.jar;C:\Users\dimple.a.sharma\.m2\repository\org\hamcrest\hamcrest-core\1.3\hamcrest-core-1.3.jar;C:\Users\dimple.a.sharma\.m2\repository\org\hamcrest\hamcrest-library\1.3\hamcrest-library-1.3.jar;C:\Users\dimple.a.sharma\.m2\repository\org\skyscreamer\jsonassert\1.4.0\jsonassert-1.4.0.jar;C:\Users\dimple.a.sharma\.m2\repository\com\vaadin\external\google\android-json\0.0.20131108.vaadin1\android-json-0.0.20131108.vaadin1.jar;C:\Users\dimple.a.sharma\.m2\repository\org\springframework\spring-core\4.3.13.RELEASE\spring-core-4.3.13.RELEASE.jar;C:\Users\dimple.a.sharma\.m2\repository\org\springframework\spring-test\4.3.13.RELEASE\spring-test-4.3.13.RELEASE.jar;, user.name=dimple.a.sharma, java.vm.specification.version=1.8, sun.java.command=C:\Users\dimple.a.sharma\Downloads\config server 31jan\gs-centralized-configuration-master\gs-centralized-configuration-master\complete\configuration-client\target\surefire\surefirebooter3419367963207704251.jar C:\Users\dimple.a.sharma\Downloads\config server 31jan\gs-centralized-configuration-master\gs-centralized-configuration-master\complete\configuration-client\target\surefire\surefire6712408462631642370tmp C:\Users\dimple.a.sharma\Downloads\config server 31jan\gs-centralized-configuration-master\gs-centralized-configuration-master\complete\configuration-client\target\surefire\surefire_06304167573707938297tmp, java.home=C:\Program Files\Java\jdk1.8.0_151\jre, sun.arch.data.model=64, user.language=en, java.specification.vendor=Oracle Corporation, awt.toolkit=sun.awt.windows.WToolkit, java.vm.info=mixed mode, java.version=1.8.0_151, java.ext.dirs=C:\Program Files\Java\jdk1.8.0_151\jre\lib\ext;C:\windows\Sun\Java\lib\ext, sun.boot.class.path=C:\Program Files\Java\jdk1.8.0_151\jre\lib\resources.jar;C:\Program Files\Java\jdk1.8.0_151\jre\lib\rt.jar;C:\Program Files\Java\jdk1.8.0_151\jre\lib\sunrsasign.jar;C:\Program Files\Java\jdk1.8.0_151\jre\lib\jsse.jar;C:\Program Files\Java\jdk1.8.0_151\jre\lib\jce.jar;C:\Program Files\Java\jdk1.8.0_151\jre\lib\charsets.jar;C:\Program Files\Java\jdk1.8.0_151\jre\lib\jfr.jar;C:\Program Files\Java\jdk1.8.0_151\jre\classes, java.vendor=Oracle Corporation, localRepository=C:\Users\dimple.a.sharma\.m2\repository, file.separator=\, java.vendor.url.bug=http://bugreport.sun.com/bugreport/, sun.io.unicode.encoding=UnicodeLittle, sun.cpu.endian=little, sun.desktop=windows, sun.cpu.isalist=amd64}}, SystemEnvironmentPropertySource@1952779858 {name='systemEnvironment', properties={PATH=C:\ProgramData\Oracle\Java\javapath;C:\windows\system32;C:\windows;C:\windows\System32\Wbem;C:\windows\System32\WindowsPowerShell\v1.0\;C:\Program Files\Java\jdk1.8.0_151\bin\;C:\Program Files\Git\cmd;C:\Users\dimple.a.sharma\AppData\Roaming\Cloud Foundry;C:\Program Files\apache-maven-3.5.2-bin\apache-maven-3.5.2\bin;C:\Users\dimple.a.sharma\AppData\Local\Microsoft\WindowsApps;C:\Program Files\apache-maven-3.5.2\apache-maven\src\bin;, USERDOMAIN_ROAMINGPROFILE=DIR, PROCESSOR_LEVEL=6, SYSTEMDRIVE=C:, SESSIONNAME=Console, ALLUSERSPROFILE=C:\ProgramData, PROCESSOR_ARCHITECTURE=AMD64, MAVEN_HOME=C:\Program Files\apache-maven-3.5.2-bin\apache-maven-3.5.2\bin\.., PROGRAMFILES=C:\Program Files, PSMODULEPATH=C:\Program Files\WindowsPowerShell\Modules;C:\windows\system32\WindowsPowerShell\v1.0\Modules, PROGRAMDATA=C:\ProgramData, USERNAME=dimple.a.sharma, USERDNSDOMAIN=DIR.SVC.ACCENTURE.COM, WDIR=C:\Users\dimple.a.sharma\Downloads\config server 31jan\gs-centralized-configuration-master\gs-centralized-configuration-master\complete, ONEDRIVE=C:\Users\dimple.a.sharma\OneDrive, PATHEXT=.COM;.EXE;.BAT;.CMD;.VBS;.VBE;.JS;.JSE;.WSF;.WSH;.MSC, CLASSWORLDS_JAR="C:\Program Files\apache-maven-3.5.2-bin\apache-maven-3.5.2\bin\..\boot\plexus-classworlds-2.5.2.jar", WINDIR=C:\windows, HOMEPATH=\Users\dimple.a.sharma, PROCESSOR_IDENTIFIER=Intel64 Family 6 Model 69 Stepping 1, GenuineIntel, M2_HOME=C:\Program Files\apache-maven-3.5.2-bin\apache-maven-3.5.2, PUBLIC=C:\Users\Public, LOCALAPPDATA=C:\Users\dimple.a.sharma\AppData\Local, COMMONPROGRAMFILES(X86)=C:\Program Files (x86)\Common Files, USERDOMAIN=DIR, LOGONSERVER=\\BG7DC3201, JAVA_HOME=C:\Program Files\Java\jdk1.8.0_151, PROMPT=$P$G, PROGRAMFILES(X86)=C:\Program Files (x86), ERROR_CODE=0, EXEC_DIR=C:\Users\dimple.a.sharma\Downloads\config server 31jan\gs-centralized-configuration-master\gs-centralized-configuration-master\complete\configuration-client, =C:=C:\Users\dimple.a.sharma\Downloads\config server 31jan\gs-centralized-configuration-master\gs-centralized-configuration-master\complete\configuration-client, APPDATA=C:\Users\dimple.a.sharma\AppData\Roaming, PROGRAMW6432=C:\Program Files, SYSTEMROOT=C:\windows, MAVEN_CMD_LINE_ARGS=clean install, OS=Windows_NT, COMMONPROGRAMW6432=C:\Program Files\Common Files, COMPUTERNAME=BDC7-L-5103GM7, COMMONPROGRAMFILES=C:\Program Files\Common Files, COMSPEC=C:\windows\system32\cmd.exe, JAVACMD=C:\Program Files\Java\jdk1.8.0_151\bin\java.exe, MAVEN_PROJECTBASEDIR=C:\Users\dimple.a.sharma\Downloads\config server 31jan\gs-centralized-configuration-master\gs-centralized-configuration-master\complete, PROCESSOR_REVISION=4501, UATDATA=C:\windows\CCM\UATData\D9F8C395-CAB8-491d-B8AC-179A1FE1BE77, CLASSWORLDS_LAUNCHER=org.codehaus.plexus.classworlds.launcher.Launcher, TEMP=C:\Users\DIMPLE~1.SHA\AppData\Local\Temp, HOMEDRIVE=C:, USERPROFILE=C:\Users\dimple.a.sharma, TMP=C:\Users\DIMPLE~1.SHA\AppData\Local\Temp, NUMBER_OF_PROCESSORS=4, JVMCONFIG=\.mvn\jvm.config}}]
17:02:14.449 [main] DEBUG org.springframework.core.io.support.PathMatchingResourcePatternResolver - Resolved classpath location [hello/] to resources [URL [file:/C:/Users/dimple.a.sharma/Downloads/config%20server%2031jan/gs-centralized-configuration-master/gs-centralized-configuration-master/complete/configuration-client/target/test-classes/hello/], URL [file:/C:/Users/dimple.a.sharma/Downloads/config%20server%2031jan/gs-centralized-configuration-master/gs-centralized-configuration-master/complete/configuration-client/target/classes/hello/]]
17:02:14.452 [main] DEBUG org.springframework.core.io.support.PathMatchingResourcePatternResolver - Looking for matching resources in directory tree [C:\Users\dimple.a.sharma\Downloads\config server 31jan\gs-centralized-configuration-master\gs-centralized-configuration-master\complete\configuration-client\target\test-classes\hello]
17:02:14.454 [main] DEBUG org.springframework.core.io.support.PathMatchingResourcePatternResolver - Searching directory [C:\Users\dimple.a.sharma\Downloads\config server 31jan\gs-centralized-configuration-master\gs-centralized-configuration-master\complete\configuration-client\target\test-classes\hello] for files matching pattern [C:/Users/dimple.a.sharma/Downloads/config server 31jan/gs-centralized-configuration-master/gs-centralized-configuration-master/complete/configuration-client/target/test-classes/hello/*.class]
17:02:14.472 [main] DEBUG org.springframework.core.io.support.PathMatchingResourcePatternResolver - Looking for matching resources in directory tree [C:\Users\dimple.a.sharma\Downloads\config server 31jan\gs-centralized-configuration-master\gs-centralized-configuration-master\complete\configuration-client\target\classes\hello]
17:02:14.473 [main] DEBUG org.springframework.core.io.support.PathMatchingResourcePatternResolver - Searching directory [C:\Users\dimple.a.sharma\Downloads\config server 31jan\gs-centralized-configuration-master\gs-centralized-configuration-master\complete\configuration-client\target\classes\hello] for files matching pattern [C:/Users/dimple.a.sharma/Downloads/config server 31jan/gs-centralized-configuration-master/gs-centralized-configuration-master/complete/configuration-client/target/classes/hello/*.class]
17:02:14.475 [main] DEBUG org.springframework.core.io.support.PathMatchingResourcePatternResolver - Resolved location pattern [classpath*:hello/*.class] to resources [file [C:\Users\dimple.a.sharma\Downloads\config server 31jan\gs-centralized-configuration-master\gs-centralized-configuration-master\complete\configuration-client\target\test-classes\hello\ConfigClientApplicationTest.class], file [C:\Users\dimple.a.sharma\Downloads\config server 31jan\gs-centralized-configuration-master\gs-centralized-configuration-master\complete\configuration-client\target\classes\hello\ConfigClientApplication.class], file [C:\Users\dimple.a.sharma\Downloads\config server 31jan\gs-centralized-configuration-master\gs-centralized-configuration-master\complete\configuration-client\target\classes\hello\MessageRestController.class]]
17:02:14.723 [main] DEBUG org.springframework.context.annotation.ClassPathScanningCandidateComponentProvider - Identified candidate component class: file [C:\Users\dimple.a.sharma\Downloads\config server 31jan\gs-centralized-configuration-master\gs-centralized-configuration-master\complete\configuration-client\target\classes\hello\ConfigClientApplication.class]
17:02:14.755 [main] INFO org.springframework.boot.test.context.SpringBootTestContextBootstrapper - Found @SpringBootConfiguration hello.ConfigClientApplication for test class hello.ConfigClientApplicationTest
17:02:14.766 [main] DEBUG org.springframework.boot.test.context.SpringBootTestContextBootstrapper - @TestExecutionListeners is not present for class [hello.ConfigClientApplicationTest]: using defaults.
17:02:14.776 [main] INFO org.springframework.boot.test.context.SpringBootTestContextBootstrapper - Loaded default TestExecutionListener class names from location [META-INF/spring.factories]: [org.springframework.boot.test.mock.mockito.MockitoTestExecutionListener, org.springframework.boot.test.mock.mockito.ResetMocksTestExecutionListener, org.springframework.boot.test.autoconfigure.restdocs.RestDocsTestExecutionListener, org.springframework.boot.test.autoconfigure.web.client.MockRestServiceServerResetTestExecutionListener, org.springframework.boot.test.autoconfigure.web.servlet.MockMvcPrintOnlyOnFailureTestExecutionListener, org.springframework.boot.test.autoconfigure.web.servlet.WebDriverTestExecutionListener, org.springframework.test.context.web.ServletTestExecutionListener, org.springframework.test.context.support.DirtiesContextBeforeModesTestExecutionListener, org.springframework.test.context.support.DependencyInjectionTestExecutionListener, org.springframework.test.context.support.DirtiesContextTestExecutionListener, org.springframework.test.context.transaction.TransactionalTestExecutionListener, org.springframework.test.context.jdbc.SqlScriptsTestExecutionListener]
17:02:14.822 [main] INFO org.springframework.boot.test.context.SpringBootTestContextBootstrapper - Could not instantiate TestExecutionListener [org.springframework.test.context.jdbc.SqlScriptsTestExecutionListener]. Specify custom listener classes or make the default listener classes (and their required dependencies) available. Offending class: [org/springframework/transaction/interceptor/TransactionAttribute]
17:02:14.823 [main] INFO org.springframework.boot.test.context.SpringBootTestContextBootstrapper - Could not instantiate TestExecutionListener [org.springframework.test.context.transaction.TransactionalTestExecutionListener]. Specify custom listener classes or make the default listener classes (and their required dependencies) available. Offending class: [org/springframework/transaction/interceptor/TransactionAttributeSource]
17:02:14.825 [main] INFO org.springframework.boot.test.context.SpringBootTestContextBootstrapper - Using TestExecutionListeners: [org.springframework.test.context.web.ServletTestExecutionListener@1dd02175, org.springframework.test.context.support.DirtiesContextBeforeModesTestExecutionListener@31206beb, org.springframework.boot.test.autoconfigure.SpringBootDependencyInjectionTestExecutionListener@3e77a1ed, org.springframework.test.context.support.DirtiesContextTestExecutionListener@3ffcd140, org.springframework.boot.test.autoconfigure.web.servlet.MockMvcPrintOnlyOnFailureTestExecutionListener@23bb8443, org.springframework.boot.test.autoconfigure.web.servlet.WebDriverTestExecutionListener@1176dcec, org.springframework.boot.test.autoconfigure.restdocs.RestDocsTestExecutionListener@120d6fe6, org.springframework.boot.test.mock.mockito.MockitoTestExecutionListener@4ba2ca36, org.springframework.boot.test.mock.mockito.ResetMocksTestExecutionListener@3444d69d, org.springframework.boot.test.autoconfigure.web.client.MockRestServiceServerResetTestExecutionListener@1372ed45]
17:02:14.834 [main] DEBUG org.springframework.test.annotation.ProfileValueUtils - Retrieved @ProfileValueSourceConfiguration [null] for test class [hello.ConfigClientApplicationTest]
17:02:14.835 [main] DEBUG org.springframework.test.annotation.ProfileValueUtils - Retrieved ProfileValueSource type [class org.springframework.test.annotation.SystemProfileValueSource] for class [hello.ConfigClientApplicationTest]
17:02:14.843 [main] DEBUG org.springframework.test.context.junit4.SpringJUnit4ClassRunner - SpringJUnit4ClassRunner constructor called with [class hello.ConfigClientApplicationTest]
17:02:14.843 [main] DEBUG org.springframework.test.context.BootstrapUtils - Instantiating CacheAwareContextLoaderDelegate from class [org.springframework.test.context.cache.DefaultCacheAwareContextLoaderDelegate]
17:02:14.844 [main] DEBUG org.springframework.test.context.BootstrapUtils - Instantiating BootstrapContext using constructor [public org.springframework.test.context.support.DefaultBootstrapContext(java.lang.Class,org.springframework.test.context.CacheAwareContextLoaderDelegate)]
17:02:14.844 [main] DEBUG org.springframework.test.context.BootstrapUtils - Instantiating TestContextBootstrapper for test class [hello.ConfigClientApplicationTest] from class [org.springframework.boot.test.context.SpringBootTestContextBootstrapper]
17:02:14.845 [main] INFO org.springframework.boot.test.context.SpringBootTestContextBootstrapper - Neither @ContextConfiguration nor @ContextHierarchy found for test class [hello.ConfigClientApplicationTest], using SpringBootContextLoader
17:02:14.851 [main] DEBUG org.springframework.test.context.support.AbstractContextLoader - Did not detect default resource location for test class [hello.ConfigClientApplicationTest]: class path resource [hello/ConfigClientApplicationTest-context.xml] does not exist
17:02:14.852 [main] DEBUG org.springframework.test.context.support.AbstractContextLoader - Did not detect default resource location for test class [hello.ConfigClientApplicationTest]: class path resource [hello/ConfigClientApplicationTestContext.groovy] does not exist
17:02:14.852 [main] INFO org.springframework.test.context.support.AbstractContextLoader - Could not detect default resource locations for test class [hello.ConfigClientApplicationTest]: no resource found for suffixes {-context.xml, Context.groovy}.
17:02:14.853 [main] INFO org.springframework.test.context.support.AnnotationConfigContextLoaderUtils - Could not detect default configuration classes for test class [hello.ConfigClientApplicationTest]: ConfigClientApplicationTest does not declare any static, non-private, non-final, nested classes annotated with @Configuration.
17:02:14.871 [main] DEBUG org.springframework.test.context.support.ActiveProfilesUtils - Could not find an 'annotation declaring class' for annotation type [org.springframework.test.context.ActiveProfiles] and class [hello.ConfigClientApplicationTest]
17:02:14.872 [main] DEBUG org.springframework.core.env.StandardEnvironment - Adding PropertySource 'systemProperties' with lowest search precedence
17:02:14.872 [main] DEBUG org.springframework.core.env.StandardEnvironment - Adding PropertySource 'systemEnvironment' with lowest search precedence
17:02:14.874 [main] DEBUG org.springframework.core.env.StandardEnvironment - Initialized StandardEnvironment with PropertySources [MapPropertySource@97652294 {name='systemProperties', properties={java.runtime.name=Java(TM) SE Runtime Environment, sun.boot.library.path=C:\Program Files\Java\jdk1.8.0_151\jre\bin, java.vm.version=25.151-b12, java.vm.vendor=Oracle Corporation, java.vendor.url=http://java.oracle.com/, path.separator=;, java.vm.name=Java HotSpot(TM) 64-Bit Server VM, file.encoding.pkg=sun.io, user.country=US, user.script=, sun.java.launcher=SUN_STANDARD, sun.os.patch.level=, java.vm.specification.name=Java Virtual Machine Specification, user.dir=C:\Users\dimple.a.sharma\Downloads\config server 31jan\gs-centralized-configuration-master\gs-centralized-configuration-master\complete\configuration-client, java.runtime.version=1.8.0_151-b12, basedir=C:\Users\dimple.a.sharma\Downloads\config server 31jan\gs-centralized-configuration-master\gs-centralized-configuration-master\complete\configuration-client, java.awt.graphicsenv=sun.awt.Win32GraphicsEnvironment, java.endorsed.dirs=C:\Program Files\Java\jdk1.8.0_151\jre\lib\endorsed, os.arch=amd64, surefire.real.class.path=C:\Users\dimple.a.sharma\Downloads\config server 31jan\gs-centralized-configuration-master\gs-centralized-configuration-master\complete\configuration-client\target\surefire\surefirebooter3419367963207704251.jar, java.io.tmpdir=C:\Users\DIMPLE~1.SHA\AppData\Local\Temp\, line.separator=
, java.vm.specification.vendor=Oracle Corporation, user.variant=, os.name=Windows 10, sun.jnu.encoding=Cp1252, java.library.path=C:\Program Files\Java\jdk1.8.0_151\jre\bin;C:\windows\Sun\Java\bin;C:\windows\system32;C:\windows;C:\ProgramData\Oracle\Java\javapath;C:\windows\system32;C:\windows;C:\windows\System32\Wbem;C:\windows\System32\WindowsPowerShell\v1.0\;C:\Program Files\Java\jdk1.8.0_151\bin\;C:\Program Files\Git\cmd;C:\Users\dimple.a.sharma\AppData\Roaming\Cloud Foundry;C:\Program Files\apache-maven-3.5.2-bin\apache-maven-3.5.2\bin;C:\Users\dimple.a.sharma\AppData\Local\Microsoft\WindowsApps;C:\Program Files\apache-maven-3.5.2\apache-maven\src\bin;;., surefire.test.class.path=C:\Users\dimple.a.sharma\Downloads\config server 31jan\gs-centralized-configuration-master\gs-centralized-configuration-master\complete\configuration-client\target\test-classes;C:\Users\dimple.a.sharma\Downloads\config server 31jan\gs-centralized-configuration-master\gs-centralized-configuration-master\complete\configuration-client\target\classes;C:\Users\dimple.a.sharma\.m2\repository\org\springframework\cloud\spring-cloud-starter-config\1.4.0.RELEASE\spring-cloud-starter-config-1.4.0.RELEASE.jar;C:\Users\dimple.a.sharma\.m2\repository\org\springframework\cloud\spring-cloud-starter\1.3.0.RELEASE\spring-cloud-starter-1.3.0.RELEASE.jar;C:\Users\dimple.a.sharma\.m2\repository\org\springframework\cloud\spring-cloud-context\1.3.0.RELEASE\spring-cloud-context-1.3.0.RELEASE.jar;C:\Users\dimple.a.sharma\.m2\repository\org\springframework\security\spring-security-crypto\4.2.3.RELEASE\spring-security-crypto-4.2.3.RELEASE.jar;C:\Users\dimple.a.sharma\.m2\repository\org\springframework\cloud\spring-cloud-commons\1.3.0.RELEASE\spring-cloud-commons-1.3.0.RELEASE.jar;C:\Users\dimple.a.sharma\.m2\repository\org\apache\httpcomponents\httpclient\4.5.3\httpclient-4.5.3.jar;C:\Users\dimple.a.sharma\.m2\repository\org\apache\httpcomponents\httpcore\4.4.8\httpcore-4.4.8.jar;C:\Users\dimple.a.sharma\.m2\repository\commons-codec\commons-codec\1.10\commons-codec-1.10.jar;C:\Users\dimple.a.sharma\.m2\repository\org\springframework\security\spring-security-rsa\1.0.3.RELEASE\spring-security-rsa-1.0.3.RELEASE.jar;C:\Users\dimple.a.sharma\.m2\repository\org\bouncycastle\bcpkix-jdk15on\1.55\bcpkix-jdk15on-1.55.jar;C:\Users\dimple.a.sharma\.m2\repository\org\bouncycastle\bcprov-jdk15on\1.55\bcprov-jdk15on-1.55.jar;C:\Users\dimple.a.sharma\.m2\repository\org\springframework\cloud\spring-cloud-config-client\1.4.0.RELEASE\spring-cloud-config-client-1.4.0.RELEASE.jar;C:\Users\dimple.a.sharma\.m2\repository\org\springframework\boot\spring-boot-autoconfigure\1.5.9.RELEASE\spring-boot-autoconfigure-1.5.9.RELEASE.jar;C:\Users\dimple.a.sharma\.m2\repository\com\fasterxml\jackson\core\jackson-annotations\2.8.0\jackson-annotations-2.8.0.jar;C:\Users\dimple.a.sharma\.m2\repository\com\fasterxml\jackson\core\jackson-databind\2.8.10\jackson-databind-2.8.10.jar;C:\Users\dimple.a.sharma\.m2\repository\com\fasterxml\jackson\core\jackson-core\2.8.10\jackson-core-2.8.10.jar;C:\Users\dimple.a.sharma\.m2\repository\org\springframework\boot\spring-boot-starter-actuator\1.5.9.RELEASE\spring-boot-starter-actuator-1.5.9.RELEASE.jar;C:\Users\dimple.a.sharma\.m2\repository\org\springframework\boot\spring-boot-starter\1.5.9.RELEASE\spring-boot-starter-1.5.9.RELEASE.jar;C:\Users\dimple.a.sharma\.m2\repository\org\springframework\boot\spring-boot\1.5.9.RELEASE\spring-boot-1.5.9.RELEASE.jar;C:\Users\dimple.a.sharma\.m2\repository\org\springframework\boot\spring-boot-starter-logging\1.5.9.RELEASE\spring-boot-starter-logging-1.5.9.RELEASE.jar;C:\Users\dimple.a.sharma\.m2\repository\ch\qos\logback\logback-classic\1.1.11\logback-classic-1.1.11.jar;C:\Users\dimple.a.sharma\.m2\repository\ch\qos\logback\logback-core\1.1.11\logback-core-1.1.11.jar;C:\Users\dimple.a.sharma\.m2\repository\org\slf4j\jcl-over-slf4j\1.7.25\jcl-over-slf4j-1.7.25.jar;C:\Users\dimple.a.sharma\.m2\repository\org\slf4j\jul-to-slf4j\1.7.25\jul-to-slf4j-1.7.25.jar;C:\Users\dimple.a.sharma\.m2\repository\org\slf4j\log4j-over-slf4j\1.7.25\log4j-over-slf4j-1.7.25.jar;C:\Users\dimple.a.sharma\.m2\repository\org\yaml\snakeyaml\1.17\snakeyaml-1.17.jar;C:\Users\dimple.a.sharma\.m2\repository\org\springframework\boot\spring-boot-actuator\1.5.9.RELEASE\spring-boot-actuator-1.5.9.RELEASE.jar;C:\Users\dimple.a.sharma\.m2\repository\org\springframework\spring-context\4.3.13.RELEASE\spring-context-4.3.13.RELEASE.jar;C:\Users\dimple.a.sharma\.m2\repository\org\springframework\boot\spring-boot-starter-web\1.5.9.RELEASE\spring-boot-starter-web-1.5.9.RELEASE.jar;C:\Users\dimple.a.sharma\.m2\repository\org\springframework\boot\spring-boot-starter-tomcat\1.5.9.RELEASE\spring-boot-starter-tomcat-1.5.9.RELEASE.jar;C:\Users\dimple.a.sharma\.m2\repository\org\apache\tomcat\embed\tomcat-embed-core\8.5.23\tomcat-embed-core-8.5.23.jar;C:\Users\dimple.a.sharma\.m2\repository\org\apache\tomcat\tomcat-annotations-api\8.5.23\tomcat-annotations-api-8.5.23.jar;C:\Users\dimple.a.sharma\.m2\repository\org\apache\tomcat\embed\tomcat-embed-el\8.5.23\tomcat-embed-el-8.5.23.jar;C:\Users\dimple.a.sharma\.m2\repository\org\apache\tomcat\embed\tomcat-embed-websocket\8.5.23\tomcat-embed-websocket-8.5.23.jar;C:\Users\dimple.a.sharma\.m2\repository\org\hibernate\hibernate-validator\5.3.6.Final\hibernate-validator-5.3.6.Final.jar;C:\Users\dimple.a.sharma\.m2\repository\javax\validation\validation-api\1.1.0.Final\validation-api-1.1.0.Final.jar;C:\Users\dimple.a.sharma\.m2\repository\org\jboss\logging\jboss-logging\3.3.1.Final\jboss-logging-3.3.1.Final.jar;C:\Users\dimple.a.sharma\.m2\repository\com\fasterxml\classmate\1.3.4\classmate-1.3.4.jar;C:\Users\dimple.a.sharma\.m2\repository\org\springframework\spring-web\4.3.13.RELEASE\spring-web-4.3.13.RELEASE.jar;C:\Users\dimple.a.sharma\.m2\repository\org\springframework\spring-aop\4.3.13.RELEASE\spring-aop-4.3.13.RELEASE.jar;C:\Users\dimple.a.sharma\.m2\repository\org\springframework\spring-beans\4.3.13.RELEASE\spring-beans-4.3.13.RELEASE.jar;C:\Users\dimple.a.sharma\.m2\repository\org\springframework\spring-webmvc\4.3.13.RELEASE\spring-webmvc-4.3.13.RELEASE.jar;C:\Users\dimple.a.sharma\.m2\repository\org\springframework\spring-expression\4.3.13.RELEASE\spring-expression-4.3.13.RELEASE.jar;C:\Users\dimple.a.sharma\.m2\repository\org\springframework\boot\spring-boot-starter-test\1.5.9.RELEASE\spring-boot-starter-test-1.5.9.RELEASE.jar;C:\Users\dimple.a.sharma\.m2\repository\org\springframework\boot\spring-boot-test\1.5.9.RELEASE\spring-boot-test-1.5.9.RELEASE.jar;C:\Users\dimple.a.sharma\.m2\repository\org\springframework\boot\spring-boot-test-autoconfigure\1.5.9.RELEASE\spring-boot-test-autoconfigure-1.5.9.RELEASE.jar;C:\Users\dimple.a.sharma\.m2\repository\com\jayway\jsonpath\json-path\2.2.0\json-path-2.2.0.jar;C:\Users\dimple.a.sharma\.m2\repository\net\minidev\json-smart\2.2.1\json-smart-2.2.1.jar;C:\Users\dimple.a.sharma\.m2\repository\net\minidev\accessors-smart\1.1\accessors-smart-1.1.jar;C:\Users\dimple.a.sharma\.m2\repository\org\ow2\asm\asm\5.0.3\asm-5.0.3.jar;C:\Users\dimple.a.sharma\.m2\repository\org\slf4j\slf4j-api\1.7.25\slf4j-api-1.7.25.jar;C:\Users\dimple.a.sharma\.m2\repository\junit\junit\4.12\junit-4.12.jar;C:\Users\dimple.a.sharma\.m2\repository\org\assertj\assertj-core\2.6.0\assertj-core-2.6.0.jar;C:\Users\dimple.a.sharma\.m2\repository\org\mockito\mockito-core\1.10.19\mockito-core-1.10.19.jar;C:\Users\dimple.a.sharma\.m2\repository\org\objenesis\objenesis\2.1\objenesis-2.1.jar;C:\Users\dimple.a.sharma\.m2\repository\org\hamcrest\hamcrest-core\1.3\hamcrest-core-1.3.jar;C:\Users\dimple.a.sharma\.m2\repository\org\hamcrest\hamcrest-library\1.3\hamcrest-library-1.3.jar;C:\Users\dimple.a.sharma\.m2\repository\org\skyscreamer\jsonassert\1.4.0\jsonassert-1.4.0.jar;C:\Users\dimple.a.sharma\.m2\repository\com\vaadin\external\google\android-json\0.0.20131108.vaadin1\android-json-0.0.20131108.vaadin1.jar;C:\Users\dimple.a.sharma\.m2\repository\org\springframework\spring-core\4.3.13.RELEASE\spring-core-4.3.13.RELEASE.jar;C:\Users\dimple.a.sharma\.m2\repository\org\springframework\spring-test\4.3.13.RELEASE\spring-test-4.3.13.RELEASE.jar;, java.specification.name=Java Platform API Specification, java.class.version=52.0, sun.management.compiler=HotSpot 64-Bit Tiered Compilers, os.version=10.0, user.home=C:\Users\dimple.a.sharma, user.timezone=Asia/Calcutta, java.awt.printerjob=sun.awt.windows.WPrinterJob, file.encoding=Cp1252, java.specification.version=1.8, java.class.path=C:\Users\dimple.a.sharma\Downloads\config server 31jan\gs-centralized-configuration-master\gs-centralized-configuration-master\complete\configuration-client\target\test-classes;C:\Users\dimple.a.sharma\Downloads\config server 31jan\gs-centralized-configuration-master\gs-centralized-configuration-master\complete\configuration-client\target\classes;C:\Users\dimple.a.sharma\.m2\repository\org\springframework\cloud\spring-cloud-starter-config\1.4.0.RELEASE\spring-cloud-starter-config-1.4.0.RELEASE.jar;C:\Users\dimple.a.sharma\.m2\repository\org\springframework\cloud\spring-cloud-starter\1.3.0.RELEASE\spring-cloud-starter-1.3.0.RELEASE.jar;C:\Users\dimple.a.sharma\.m2\repository\org\springframework\cloud\spring-cloud-context\1.3.0.RELEASE\spring-cloud-context-1.3.0.RELEASE.jar;C:\Users\dimple.a.sharma\.m2\repository\org\springframework\security\spring-security-crypto\4.2.3.RELEASE\spring-security-crypto-4.2.3.RELEASE.jar;C:\Users\dimple.a.sharma\.m2\repository\org\springframework\cloud\spring-cloud-commons\1.3.0.RELEASE\spring-cloud-commons-1.3.0.RELEASE.jar;C:\Users\dimple.a.sharma\.m2\repository\org\apache\httpcomponents\httpclient\4.5.3\httpclient-4.5.3.jar;C:\Users\dimple.a.sharma\.m2\repository\org\apache\httpcomponents\httpcore\4.4.8\httpcore-4.4.8.jar;C:\Users\dimple.a.sharma\.m2\repository\commons-codec\commons-codec\1.10\commons-codec-1.10.jar;C:\Users\dimple.a.sharma\.m2\repository\org\springframework\security\spring-security-rsa\1.0.3.RELEASE\spring-security-rsa-1.0.3.RELEASE.jar;C:\Users\dimple.a.sharma\.m2\repository\org\bouncycastle\bcpkix-jdk15on\1.55\bcpkix-jdk15on-1.55.jar;C:\Users\dimple.a.sharma\.m2\repository\org\bouncycastle\bcprov-jdk15on\1.55\bcprov-jdk15on-1.55.jar;C:\Users\dimple.a.sharma\.m2\repository\org\springframework\cloud\spring-cloud-config-client\1.4.0.RELEASE\spring-cloud-config-client-1.4.0.RELEASE.jar;C:\Users\dimple.a.sharma\.m2\repository\org\springframework\boot\spring-boot-autoconfigure\1.5.9.RELEASE\spring-boot-autoconfigure-1.5.9.RELEASE.jar;C:\Users\dimple.a.sharma\.m2\repository\com\fasterxml\jackson\core\jackson-annotations\2.8.0\jackson-annotations-2.8.0.jar;C:\Users\dimple.a.sharma\.m2\repository\com\fasterxml\jackson\core\jackson-databind\2.8.10\jackson-databind-2.8.10.jar;C:\Users\dimple.a.sharma\.m2\repository\com\fasterxml\jackson\core\jackson-core\2.8.10\jackson-core-2.8.10.jar;C:\Users\dimple.a.sharma\.m2\repository\org\springframework\boot\spring-boot-starter-actuator\1.5.9.RELEASE\spring-boot-starter-actuator-1.5.9.RELEASE.jar;C:\Users\dimple.a.sharma\.m2\repository\org\springframework\boot\spring-boot-starter\1.5.9.RELEASE\spring-boot-starter-1.5.9.RELEASE.jar;C:\Users\dimple.a.sharma\.m2\repository\org\springframework\boot\spring-boot\1.5.9.RELEASE\spring-boot-1.5.9.RELEASE.jar;C:\Users\dimple.a.sharma\.m2\repository\org\springframework\boot\spring-boot-starter-logging\1.5.9.RELEASE\spring-boot-starter-logging-1.5.9.RELEASE.jar;C:\Users\dimple.a.sharma\.m2\repository\ch\qos\logback\logback-classic\1.1.11\logback-classic-1.1.11.jar;C:\Users\dimple.a.sharma\.m2\repository\ch\qos\logback\logback-core\1.1.11\logback-core-1.1.11.jar;C:\Users\dimple.a.sharma\.m2\repository\org\slf4j\jcl-over-slf4j\1.7.25\jcl-over-slf4j-1.7.25.jar;C:\Users\dimple.a.sharma\.m2\repository\org\slf4j\jul-to-slf4j\1.7.25\jul-to-slf4j-1.7.25.jar;C:\Users\dimple.a.sharma\.m2\repository\org\slf4j\log4j-over-slf4j\1.7.25\log4j-over-slf4j-1.7.25.jar;C:\Users\dimple.a.sharma\.m2\repository\org\yaml\snakeyaml\1.17\snakeyaml-1.17.jar;C:\Users\dimple.a.sharma\.m2\repository\org\springframework\boot\spring-boot-actuator\1.5.9.RELEASE\spring-boot-actuator-1.5.9.RELEASE.jar;C:\Users\dimple.a.sharma\.m2\repository\org\springframework\spring-context\4.3.13.RELEASE\spring-context-4.3.13.RELEASE.jar;C:\Users\dimple.a.sharma\.m2\repository\org\springframework\boot\spring-boot-starter-web\1.5.9.RELEASE\spring-boot-starter-web-1.5.9.RELEASE.jar;C:\Users\dimple.a.sharma\.m2\repository\org\springframework\boot\spring-boot-starter-tomcat\1.5.9.RELEASE\spring-boot-starter-tomcat-1.5.9.RELEASE.jar;C:\Users\dimple.a.sharma\.m2\repository\org\apache\tomcat\embed\tomcat-embed-core\8.5.23\tomcat-embed-core-8.5.23.jar;C:\Users\dimple.a.sharma\.m2\repository\org\apache\tomcat\tomcat-annotations-api\8.5.23\tomcat-annotations-api-8.5.23.jar;C:\Users\dimple.a.sharma\.m2\repository\org\apache\tomcat\embed\tomcat-embed-el\8.5.23\tomcat-embed-el-8.5.23.jar;C:\Users\dimple.a.sharma\.m2\repository\org\apache\tomcat\embed\tomcat-embed-websocket\8.5.23\tomcat-embed-websocket-8.5.23.jar;C:\Users\dimple.a.sharma\.m2\repository\org\hibernate\hibernate-validator\5.3.6.Final\hibernate-validator-5.3.6.Final.jar;C:\Users\dimple.a.sharma\.m2\repository\javax\validation\validation-api\1.1.0.Final\validation-api-1.1.0.Final.jar;C:\Users\dimple.a.sharma\.m2\repository\org\jboss\logging\jboss-logging\3.3.1.Final\jboss-logging-3.3.1.Final.jar;C:\Users\dimple.a.sharma\.m2\repository\com\fasterxml\classmate\1.3.4\classmate-1.3.4.jar;C:\Users\dimple.a.sharma\.m2\repository\org\springframework\spring-web\4.3.13.RELEASE\spring-web-4.3.13.RELEASE.jar;C:\Users\dimple.a.sharma\.m2\repository\org\springframework\spring-aop\4.3.13.RELEASE\spring-aop-4.3.13.RELEASE.jar;C:\Users\dimple.a.sharma\.m2\repository\org\springframework\spring-beans\4.3.13.RELEASE\spring-beans-4.3.13.RELEASE.jar;C:\Users\dimple.a.sharma\.m2\repository\org\springframework\spring-webmvc\4.3.13.RELEASE\spring-webmvc-4.3.13.RELEASE.jar;C:\Users\dimple.a.sharma\.m2\repository\org\springframework\spring-expression\4.3.13.RELEASE\spring-expression-4.3.13.RELEASE.jar;C:\Users\dimple.a.sharma\.m2\repository\org\springframework\boot\spring-boot-starter-test\1.5.9.RELEASE\spring-boot-starter-test-1.5.9.RELEASE.jar;C:\Users\dimple.a.sharma\.m2\repository\org\springframework\boot\spring-boot-test\1.5.9.RELEASE\spring-boot-test-1.5.9.RELEASE.jar;C:\Users\dimple.a.sharma\.m2\repository\org\springframework\boot\spring-boot-test-autoconfigure\1.5.9.RELEASE\spring-boot-test-autoconfigure-1.5.9.RELEASE.jar;C:\Users\dimple.a.sharma\.m2\repository\com\jayway\jsonpath\json-path\2.2.0\json-path-2.2.0.jar;C:\Users\dimple.a.sharma\.m2\repository\net\minidev\json-smart\2.2.1\json-smart-2.2.1.jar;C:\Users\dimple.a.sharma\.m2\repository\net\minidev\accessors-smart\1.1\accessors-smart-1.1.jar;C:\Users\dimple.a.sharma\.m2\repository\org\ow2\asm\asm\5.0.3\asm-5.0.3.jar;C:\Users\dimple.a.sharma\.m2\repository\org\slf4j\slf4j-api\1.7.25\slf4j-api-1.7.25.jar;C:\Users\dimple.a.sharma\.m2\repository\junit\junit\4.12\junit-4.12.jar;C:\Users\dimple.a.sharma\.m2\repository\org\assertj\assertj-core\2.6.0\assertj-core-2.6.0.jar;C:\Users\dimple.a.sharma\.m2\repository\org\mockito\mockito-core\1.10.19\mockito-core-1.10.19.jar;C:\Users\dimple.a.sharma\.m2\repository\org\objenesis\objenesis\2.1\objenesis-2.1.jar;C:\Users\dimple.a.sharma\.m2\repository\org\hamcrest\hamcrest-core\1.3\hamcrest-core-1.3.jar;C:\Users\dimple.a.sharma\.m2\repository\org\hamcrest\hamcrest-library\1.3\hamcrest-library-1.3.jar;C:\Users\dimple.a.sharma\.m2\repository\org\skyscreamer\jsonassert\1.4.0\jsonassert-1.4.0.jar;C:\Users\dimple.a.sharma\.m2\repository\com\vaadin\external\google\android-json\0.0.20131108.vaadin1\android-json-0.0.20131108.vaadin1.jar;C:\Users\dimple.a.sharma\.m2\repository\org\springframework\spring-core\4.3.13.RELEASE\spring-core-4.3.13.RELEASE.jar;C:\Users\dimple.a.sharma\.m2\repository\org\springframework\spring-test\4.3.13.RELEASE\spring-test-4.3.13.RELEASE.jar;, user.name=dimple.a.sharma, java.vm.specification.version=1.8, sun.java.command=C:\Users\dimple.a.sharma\Downloads\config server 31jan\gs-centralized-configuration-master\gs-centralized-configuration-master\complete\configuration-client\target\surefire\surefirebooter3419367963207704251.jar C:\Users\dimple.a.sharma\Downloads\config server 31jan\gs-centralized-configuration-master\gs-centralized-configuration-master\complete\configuration-client\target\surefire\surefire6712408462631642370tmp C:\Users\dimple.a.sharma\Downloads\config server 31jan\gs-centralized-configuration-master\gs-centralized-configuration-master\complete\configuration-client\target\surefire\surefire_06304167573707938297tmp, java.home=C:\Program Files\Java\jdk1.8.0_151\jre, sun.arch.data.model=64, user.language=en, java.specification.vendor=Oracle Corporation, awt.toolkit=sun.awt.windows.WToolkit, java.vm.info=mixed mode, java.version=1.8.0_151, java.ext.dirs=C:\Program Files\Java\jdk1.8.0_151\jre\lib\ext;C:\windows\Sun\Java\lib\ext, sun.boot.class.path=C:\Program Files\Java\jdk1.8.0_151\jre\lib\resources.jar;C:\Program Files\Java\jdk1.8.0_151\jre\lib\rt.jar;C:\Program Files\Java\jdk1.8.0_151\jre\lib\sunrsasign.jar;C:\Program Files\Java\jdk1.8.0_151\jre\lib\jsse.jar;C:\Program Files\Java\jdk1.8.0_151\jre\lib\jce.jar;C:\Program Files\Java\jdk1.8.0_151\jre\lib\charsets.jar;C:\Program Files\Java\jdk1.8.0_151\jre\lib\jfr.jar;C:\Program Files\Java\jdk1.8.0_151\jre\classes, java.vendor=Oracle Corporation, localRepository=C:\Users\dimple.a.sharma\.m2\repository, file.separator=\, java.vendor.url.bug=http://bugreport.sun.com/bugreport/, sun.io.unicode.encoding=UnicodeLittle, sun.cpu.endian=little, sun.desktop=windows, sun.cpu.isalist=amd64}}, SystemEnvironmentPropertySource@1889248251 {name='systemEnvironment', properties={PATH=C:\ProgramData\Oracle\Java\javapath;C:\windows\system32;C:\windows;C:\windows\System32\Wbem;C:\windows\System32\WindowsPowerShell\v1.0\;C:\Program Files\Java\jdk1.8.0_151\bin\;C:\Program Files\Git\cmd;C:\Users\dimple.a.sharma\AppData\Roaming\Cloud Foundry;C:\Program Files\apache-maven-3.5.2-bin\apache-maven-3.5.2\bin;C:\Users\dimple.a.sharma\AppData\Local\Microsoft\WindowsApps;C:\Program Files\apache-maven-3.5.2\apache-maven\src\bin;, USERDOMAIN_ROAMINGPROFILE=DIR, PROCESSOR_LEVEL=6, SYSTEMDRIVE=C:, SESSIONNAME=Console, ALLUSERSPROFILE=C:\ProgramData, PROCESSOR_ARCHITECTURE=AMD64, MAVEN_HOME=C:\Program Files\apache-maven-3.5.2-bin\apache-maven-3.5.2\bin\.., PROGRAMFILES=C:\Program Files, PSMODULEPATH=C:\Program Files\WindowsPowerShell\Modules;C:\windows\system32\WindowsPowerShell\v1.0\Modules, PROGRAMDATA=C:\ProgramData, USERNAME=dimple.a.sharma, USERDNSDOMAIN=DIR.SVC.ACCENTURE.COM, WDIR=C:\Users\dimple.a.sharma\Downloads\config server 31jan\gs-centralized-configuration-master\gs-centralized-configuration-master\complete, ONEDRIVE=C:\Users\dimple.a.sharma\OneDrive, PATHEXT=.COM;.EXE;.BAT;.CMD;.VBS;.VBE;.JS;.JSE;.WSF;.WSH;.MSC, CLASSWORLDS_JAR="C:\Program Files\apache-maven-3.5.2-bin\apache-maven-3.5.2\bin\..\boot\plexus-classworlds-2.5.2.jar", WINDIR=C:\windows, HOMEPATH=\Users\dimple.a.sharma, PROCESSOR_IDENTIFIER=Intel64 Family 6 Model 69 Stepping 1, GenuineIntel, M2_HOME=C:\Program Files\apache-maven-3.5.2-bin\apache-maven-3.5.2, PUBLIC=C:\Users\Public, LOCALAPPDATA=C:\Users\dimple.a.sharma\AppData\Local, COMMONPROGRAMFILES(X86)=C:\Program Files (x86)\Common Files, USERDOMAIN=DIR, LOGONSERVER=\\BG7DC3201, JAVA_HOME=C:\Program Files\Java\jdk1.8.0_151, PROMPT=$P$G, PROGRAMFILES(X86)=C:\Program Files (x86), ERROR_CODE=0, EXEC_DIR=C:\Users\dimple.a.sharma\Downloads\config server 31jan\gs-centralized-configuration-master\gs-centralized-configuration-master\complete\configuration-client, =C:=C:\Users\dimple.a.sharma\Downloads\config server 31jan\gs-centralized-configuration-master\gs-centralized-configuration-master\complete\configuration-client, APPDATA=C:\Users\dimple.a.sharma\AppData\Roaming, PROGRAMW6432=C:\Program Files, SYSTEMROOT=C:\windows, MAVEN_CMD_LINE_ARGS=clean install, OS=Windows_NT, COMMONPROGRAMW6432=C:\Program Files\Common Files, COMPUTERNAME=BDC7-L-5103GM7, COMMONPROGRAMFILES=C:\Program Files\Common Files, COMSPEC=C:\windows\system32\cmd.exe, JAVACMD=C:\Program Files\Java\jdk1.8.0_151\bin\java.exe, MAVEN_PROJECTBASEDIR=C:\Users\dimple.a.sharma\Downloads\config server 31jan\gs-centralized-configuration-master\gs-centralized-configuration-master\complete, PROCESSOR_REVISION=4501, UATDATA=C:\windows\CCM\UATData\D9F8C395-CAB8-491d-B8AC-179A1FE1BE77, CLASSWORLDS_LAUNCHER=org.codehaus.plexus.classworlds.launcher.Launcher, TEMP=C:\Users\DIMPLE~1.SHA\AppData\Local\Temp, HOMEDRIVE=C:, USERPROFILE=C:\Users\dimple.a.sharma, TMP=C:\Users\DIMPLE~1.SHA\AppData\Local\Temp, NUMBER_OF_PROCESSORS=4, JVMCONFIG=\.mvn\jvm.config}}]
17:02:14.882 [main] INFO org.springframework.boot.test.context.SpringBootTestContextBootstrapper - Found @SpringBootConfiguration hello.ConfigClientApplication for test class hello.ConfigClientApplicationTest
17:02:14.887 [main] DEBUG org.springframework.boot.test.context.SpringBootTestContextBootstrapper - @TestExecutionListeners is not present for class [hello.ConfigClientApplicationTest]: using defaults.
17:02:14.901 [main] INFO org.springframework.boot.test.context.SpringBootTestContextBootstrapper - Loaded default TestExecutionListener class names from location [META-INF/spring.factories]: [org.springframework.boot.test.mock.mockito.MockitoTestExecutionListener, org.springframework.boot.test.mock.mockito.ResetMocksTestExecutionListener, org.springframework.boot.test.autoconfigure.restdocs.RestDocsTestExecutionListener, org.springframework.boot.test.autoconfigure.web.client.MockRestServiceServerResetTestExecutionListener, org.springframework.boot.test.autoconfigure.web.servlet.MockMvcPrintOnlyOnFailureTestExecutionListener, org.springframework.boot.test.autoconfigure.web.servlet.WebDriverTestExecutionListener, org.springframework.test.context.web.ServletTestExecutionListener, org.springframework.test.context.support.DirtiesContextBeforeModesTestExecutionListener, org.springframework.test.context.support.DependencyInjectionTestExecutionListener, org.springframework.test.context.support.DirtiesContextTestExecutionListener, org.springframework.test.context.transaction.TransactionalTestExecutionListener, org.springframework.test.context.jdbc.SqlScriptsTestExecutionListener]
17:02:14.922 [main] INFO org.springframework.boot.test.context.SpringBootTestContextBootstrapper - Could not instantiate TestExecutionListener [org.springframework.test.context.jdbc.SqlScriptsTestExecutionListener]. Specify custom listener classes or make the default listener classes (and their required dependencies) available. Offending class: [org/springframework/transaction/interceptor/TransactionAttribute]
17:02:14.925 [main] INFO org.springframework.boot.test.context.SpringBootTestContextBootstrapper - Could not instantiate TestExecutionListener [org.springframework.test.context.transaction.TransactionalTestExecutionListener]. Specify custom listener classes or make the default listener classes (and their required dependencies) available. Offending class: [org/springframework/transaction/interceptor/TransactionAttributeSource]
17:02:14.927 [main] INFO org.springframework.boot.test.context.SpringBootTestContextBootstrapper - Using TestExecutionListeners: [org.springframework.test.context.web.ServletTestExecutionListener@2d2e5f00, org.springframework.test.context.support.DirtiesContextBeforeModesTestExecutionListener@4c40b76e, org.springframework.boot.test.autoconfigure.SpringBootDependencyInjectionTestExecutionListener@2ea6137, org.springframework.test.context.support.DirtiesContextTestExecutionListener@41ee392b, org.springframework.boot.test.autoconfigure.web.servlet.MockMvcPrintOnlyOnFailureTestExecutionListener@1e67a849, org.springframework.boot.test.autoconfigure.web.servlet.WebDriverTestExecutionListener@57d5872c, org.springframework.boot.test.autoconfigure.restdocs.RestDocsTestExecutionListener@667a738, org.springframework.boot.test.mock.mockito.MockitoTestExecutionListener@36f0f1be, org.springframework.boot.test.mock.mockito.ResetMocksTestExecutionListener@157632c9, org.springframework.boot.test.autoconfigure.web.client.MockRestServiceServerResetTestExecutionListener@6ee12bac]
17:02:14.930 [main] DEBUG org.springframework.test.annotation.ProfileValueUtils - Retrieved @ProfileValueSourceConfiguration [null] for test class [hello.ConfigClientApplicationTest]
17:02:14.930 [main] DEBUG org.springframework.test.annotation.ProfileValueUtils - Retrieved ProfileValueSource type [class org.springframework.test.annotation.SystemProfileValueSource] for class [hello.ConfigClientApplicationTest]
17:02:14.934 [main] DEBUG org.springframework.test.annotation.ProfileValueUtils - Retrieved @ProfileValueSourceConfiguration [null] for test class [hello.ConfigClientApplicationTest]
17:02:14.935 [main] DEBUG org.springframework.test.annotation.ProfileValueUtils - Retrieved ProfileValueSource type [class org.springframework.test.annotation.SystemProfileValueSource] for class [hello.ConfigClientApplicationTest]
17:02:14.954 [main] DEBUG org.springframework.test.context.support.AbstractDirtiesContextTestExecutionListener - Before test class: context [DefaultTestContext@52e677af testClass = ConfigClientApplicationTest, testInstance = [null], testMethod = [null], testException = [null], mergedContextConfiguration = [WebMergedContextConfiguration@35083305 testClass = ConfigClientApplicationTest, locations = '{}', classes = '{class hello.ConfigClientApplication}', contextInitializerClasses = '[]', activeProfiles = '{}', propertySourceLocations = '{}', propertySourceProperties = '{org.springframework.boot.test.context.SpringBootTestContextBootstrapper=true}', contextCustomizers = set[org.springframework.boot.test.context.SpringBootTestContextCustomizer@335eadca, org.springframework.boot.test.context.filter.ExcludeFilterContextCustomizer@2b2948e2, org.springframework.boot.test.json.DuplicateJsonObjectContextCustomizerFactory$DuplicateJsonObjectContextCustomizer@3b0143d3, org.springframework.boot.test.mock.mockito.MockitoContextCustomizer@0, org.springframework.boot.test.autoconfigure.properties.PropertyMappingContextCustomizer@0, org.springframework.boot.test.autoconfigure.web.servlet.WebDriverContextCustomizerFactory$Customizer@cd2dae5], resourceBasePath = 'src/main/webapp', contextLoader = 'org.springframework.boot.test.context.SpringBootContextLoader', parent = [null]]], class annotated with @DirtiesContext [false] with mode [null].
17:02:14.958 [main] DEBUG org.springframework.test.annotation.ProfileValueUtils - Retrieved @ProfileValueSourceConfiguration [null] for test class [hello.ConfigClientApplicationTest]
17:02:14.958 [main] DEBUG org.springframework.test.annotation.ProfileValueUtils - Retrieved ProfileValueSource type [class org.springframework.test.annotation.SystemProfileValueSource] for class [hello.ConfigClientApplicationTest]
17:02:15.184 [main] DEBUG org.springframework.core.env.StandardEnvironment - Adding PropertySource 'systemProperties' with lowest search precedence
17:02:15.184 [main] DEBUG org.springframework.core.env.StandardEnvironment - Adding PropertySource 'systemEnvironment' with lowest search precedence
17:02:15.185 [main] DEBUG org.springframework.core.env.StandardEnvironment - Initialized StandardEnvironment with PropertySources [MapPropertySource@1782580546 {name='systemProperties', properties={java.runtime.name=Java(TM) SE Runtime Environment, sun.boot.library.path=C:\Program Files\Java\jdk1.8.0_151\jre\bin, java.vm.version=25.151-b12, java.vm.vendor=Oracle Corporation, java.vendor.url=http://java.oracle.com/, path.separator=;, java.vm.name=Java HotSpot(TM) 64-Bit Server VM, file.encoding.pkg=sun.io, user.country=US, user.script=, sun.java.launcher=SUN_STANDARD, sun.os.patch.level=, java.vm.specification.name=Java Virtual Machine Specification, user.dir=C:\Users\dimple.a.sharma\Downloads\config server 31jan\gs-centralized-configuration-master\gs-centralized-configuration-master\complete\configuration-client, java.runtime.version=1.8.0_151-b12, basedir=C:\Users\dimple.a.sharma\Downloads\config server 31jan\gs-centralized-configuration-master\gs-centralized-configuration-master\complete\configuration-client, java.awt.graphicsenv=sun.awt.Win32GraphicsEnvironment, java.endorsed.dirs=C:\Program Files\Java\jdk1.8.0_151\jre\lib\endorsed, os.arch=amd64, surefire.real.class.path=C:\Users\dimple.a.sharma\Downloads\config server 31jan\gs-centralized-configuration-master\gs-centralized-configuration-master\complete\configuration-client\target\surefire\surefirebooter3419367963207704251.jar, java.io.tmpdir=C:\Users\DIMPLE~1.SHA\AppData\Local\Temp\, line.separator=
, java.vm.specification.vendor=Oracle Corporation, user.variant=, os.name=Windows 10, sun.jnu.encoding=Cp1252, java.library.path=C:\Program Files\Java\jdk1.8.0_151\jre\bin;C:\windows\Sun\Java\bin;C:\windows\system32;C:\windows;C:\ProgramData\Oracle\Java\javapath;C:\windows\system32;C:\windows;C:\windows\System32\Wbem;C:\windows\System32\WindowsPowerShell\v1.0\;C:\Program Files\Java\jdk1.8.0_151\bin\;C:\Program Files\Git\cmd;C:\Users\dimple.a.sharma\AppData\Roaming\Cloud Foundry;C:\Program Files\apache-maven-3.5.2-bin\apache-maven-3.5.2\bin;C:\Users\dimple.a.sharma\AppData\Local\Microsoft\WindowsApps;C:\Program Files\apache-maven-3.5.2\apache-maven\src\bin;;., surefire.test.class.path=C:\Users\dimple.a.sharma\Downloads\config server 31jan\gs-centralized-configuration-master\gs-centralized-configuration-master\complete\configuration-client\target\test-classes;C:\Users\dimple.a.sharma\Downloads\config server 31jan\gs-centralized-configuration-master\gs-centralized-configuration-master\complete\configuration-client\target\classes;C:\Users\dimple.a.sharma\.m2\repository\org\springframework\cloud\spring-cloud-starter-config\1.4.0.RELEASE\spring-cloud-starter-config-1.4.0.RELEASE.jar;C:\Users\dimple.a.sharma\.m2\repository\org\springframework\cloud\spring-cloud-starter\1.3.0.RELEASE\spring-cloud-starter-1.3.0.RELEASE.jar;C:\Users\dimple.a.sharma\.m2\repository\org\springframework\cloud\spring-cloud-context\1.3.0.RELEASE\spring-cloud-context-1.3.0.RELEASE.jar;C:\Users\dimple.a.sharma\.m2\repository\org\springframework\security\spring-security-crypto\4.2.3.RELEASE\spring-security-crypto-4.2.3.RELEASE.jar;C:\Users\dimple.a.sharma\.m2\repository\org\springframework\cloud\spring-cloud-commons\1.3.0.RELEASE\spring-cloud-commons-1.3.0.RELEASE.jar;C:\Users\dimple.a.sharma\.m2\repository\org\apache\httpcomponents\httpclient\4.5.3\httpclient-4.5.3.jar;C:\Users\dimple.a.sharma\.m2\repository\org\apache\httpcomponents\httpcore\4.4.8\httpcore-4.4.8.jar;C:\Users\dimple.a.sharma\.m2\repository\commons-codec\commons-codec\1.10\commons-codec-1.10.jar;C:\Users\dimple.a.sharma\.m2\repository\org\springframework\security\spring-security-rsa\1.0.3.RELEASE\spring-security-rsa-1.0.3.RELEASE.jar;C:\Users\dimple.a.sharma\.m2\repository\org\bouncycastle\bcpkix-jdk15on\1.55\bcpkix-jdk15on-1.55.jar;C:\Users\dimple.a.sharma\.m2\repository\org\bouncycastle\bcprov-jdk15on\1.55\bcprov-jdk15on-1.55.jar;C:\Users\dimple.a.sharma\.m2\repository\org\springframework\cloud\spring-cloud-config-client\1.4.0.RELEASE\spring-cloud-config-client-1.4.0.RELEASE.jar;C:\Users\dimple.a.sharma\.m2\repository\org\springframework\boot\spring-boot-autoconfigure\1.5.9.RELEASE\spring-boot-autoconfigure-1.5.9.RELEASE.jar;C:\Users\dimple.a.sharma\.m2\repository\com\fasterxml\jackson\core\jackson-annotations\2.8.0\jackson-annotations-2.8.0.jar;C:\Users\dimple.a.sharma\.m2\repository\com\fasterxml\jackson\core\jackson-databind\2.8.10\jackson-databind-2.8.10.jar;C:\Users\dimple.a.sharma\.m2\repository\com\fasterxml\jackson\core\jackson-core\2.8.10\jackson-core-2.8.10.jar;C:\Users\dimple.a.sharma\.m2\repository\org\springframework\boot\spring-boot-starter-actuator\1.5.9.RELEASE\spring-boot-starter-actuator-1.5.9.RELEASE.jar;C:\Users\dimple.a.sharma\.m2\repository\org\springframework\boot\spring-boot-starter\1.5.9.RELEASE\spring-boot-starter-1.5.9.RELEASE.jar;C:\Users\dimple.a.sharma\.m2\repository\org\springframework\boot\spring-boot\1.5.9.RELEASE\spring-boot-1.5.9.RELEASE.jar;C:\Users\dimple.a.sharma\.m2\repository\org\springframework\boot\spring-boot-starter-logging\1.5.9.RELEASE\spring-boot-starter-logging-1.5.9.RELEASE.jar;C:\Users\dimple.a.sharma\.m2\repository\ch\qos\logback\logback-classic\1.1.11\logback-classic-1.1.11.jar;C:\Users\dimple.a.sharma\.m2\repository\ch\qos\logback\logback-core\1.1.11\logback-core-1.1.11.jar;C:\Users\dimple.a.sharma\.m2\repository\org\slf4j\jcl-over-slf4j\1.7.25\jcl-over-slf4j-1.7.25.jar;C:\Users\dimple.a.sharma\.m2\repository\org\slf4j\jul-to-slf4j\1.7.25\jul-to-slf4j-1.7.25.jar;C:\Users\dimple.a.sharma\.m2\repository\org\slf4j\log4j-over-slf4j\1.7.25\log4j-over-slf4j-1.7.25.jar;C:\Users\dimple.a.sharma\.m2\repository\org\yaml\snakeyaml\1.17\snakeyaml-1.17.jar;C:\Users\dimple.a.sharma\.m2\repository\org\springframework\boot\spring-boot-actuator\1.5.9.RELEASE\spring-boot-actuator-1.5.9.RELEASE.jar;C:\Users\dimple.a.sharma\.m2\repository\org\springframework\spring-context\4.3.13.RELEASE\spring-context-4.3.13.RELEASE.jar;C:\Users\dimple.a.sharma\.m2\repository\org\springframework\boot\spring-boot-starter-web\1.5.9.RELEASE\spring-boot-starter-web-1.5.9.RELEASE.jar;C:\Users\dimple.a.sharma\.m2\repository\org\springframework\boot\spring-boot-starter-tomcat\1.5.9.RELEASE\spring-boot-starter-tomcat-1.5.9.RELEASE.jar;C:\Users\dimple.a.sharma\.m2\repository\org\apache\tomcat\embed\tomcat-embed-core\8.5.23\tomcat-embed-core-8.5.23.jar;C:\Users\dimple.a.sharma\.m2\repository\org\apache\tomcat\tomcat-annotations-api\8.5.23\tomcat-annotations-api-8.5.23.jar;C:\Users\dimple.a.sharma\.m2\repository\org\apache\tomcat\embed\tomcat-embed-el\8.5.23\tomcat-embed-el-8.5.23.jar;C:\Users\dimple.a.sharma\.m2\repository\org\apache\tomcat\embed\tomcat-embed-websocket\8.5.23\tomcat-embed-websocket-8.5.23.jar;C:\Users\dimple.a.sharma\.m2\repository\org\hibernate\hibernate-validator\5.3.6.Final\hibernate-validator-5.3.6.Final.jar;C:\Users\dimple.a.sharma\.m2\repository\javax\validation\validation-api\1.1.0.Final\validation-api-1.1.0.Final.jar;C:\Users\dimple.a.sharma\.m2\repository\org\jboss\logging\jboss-logging\3.3.1.Final\jboss-logging-3.3.1.Final.jar;C:\Users\dimple.a.sharma\.m2\repository\com\fasterxml\classmate\1.3.4\classmate-1.3.4.jar;C:\Users\dimple.a.sharma\.m2\repository\org\springframework\spring-web\4.3.13.RELEASE\spring-web-4.3.13.RELEASE.jar;C:\Users\dimple.a.sharma\.m2\repository\org\springframework\spring-aop\4.3.13.RELEASE\spring-aop-4.3.13.RELEASE.jar;C:\Users\dimple.a.sharma\.m2\repository\org\springframework\spring-beans\4.3.13.RELEASE\spring-beans-4.3.13.RELEASE.jar;C:\Users\dimple.a.sharma\.m2\repository\org\springframework\spring-webmvc\4.3.13.RELEASE\spring-webmvc-4.3.13.RELEASE.jar;C:\Users\dimple.a.sharma\.m2\repository\org\springframework\spring-expression\4.3.13.RELEASE\spring-expression-4.3.13.RELEASE.jar;C:\Users\dimple.a.sharma\.m2\repository\org\springframework\boot\spring-boot-starter-test\1.5.9.RELEASE\spring-boot-starter-test-1.5.9.RELEASE.jar;C:\Users\dimple.a.sharma\.m2\repository\org\springframework\boot\spring-boot-test\1.5.9.RELEASE\spring-boot-test-1.5.9.RELEASE.jar;C:\Users\dimple.a.sharma\.m2\repository\org\springframework\boot\spring-boot-test-autoconfigure\1.5.9.RELEASE\spring-boot-test-autoconfigure-1.5.9.RELEASE.jar;C:\Users\dimple.a.sharma\.m2\repository\com\jayway\jsonpath\json-path\2.2.0\json-path-2.2.0.jar;C:\Users\dimple.a.sharma\.m2\repository\net\minidev\json-smart\2.2.1\json-smart-2.2.1.jar;C:\Users\dimple.a.sharma\.m2\repository\net\minidev\accessors-smart\1.1\accessors-smart-1.1.jar;C:\Users\dimple.a.sharma\.m2\repository\org\ow2\asm\asm\5.0.3\asm-5.0.3.jar;C:\Users\dimple.a.sharma\.m2\repository\org\slf4j\slf4j-api\1.7.25\slf4j-api-1.7.25.jar;C:\Users\dimple.a.sharma\.m2\repository\junit\junit\4.12\junit-4.12.jar;C:\Users\dimple.a.sharma\.m2\repository\org\assertj\assertj-core\2.6.0\assertj-core-2.6.0.jar;C:\Users\dimple.a.sharma\.m2\repository\org\mockito\mockito-core\1.10.19\mockito-core-1.10.19.jar;C:\Users\dimple.a.sharma\.m2\repository\org\objenesis\objenesis\2.1\objenesis-2.1.jar;C:\Users\dimple.a.sharma\.m2\repository\org\hamcrest\hamcrest-core\1.3\hamcrest-core-1.3.jar;C:\Users\dimple.a.sharma\.m2\repository\org\hamcrest\hamcrest-library\1.3\hamcrest-library-1.3.jar;C:\Users\dimple.a.sharma\.m2\repository\org\skyscreamer\jsonassert\1.4.0\jsonassert-1.4.0.jar;C:\Users\dimple.a.sharma\.m2\repository\com\vaadin\external\google\android-json\0.0.20131108.vaadin1\android-json-0.0.20131108.vaadin1.jar;C:\Users\dimple.a.sharma\.m2\repository\org\springframework\spring-core\4.3.13.RELEASE\spring-core-4.3.13.RELEASE.jar;C:\Users\dimple.a.sharma\.m2\repository\org\springframework\spring-test\4.3.13.RELEASE\spring-test-4.3.13.RELEASE.jar;, java.specification.name=Java Platform API Specification, java.class.version=52.0, sun.management.compiler=HotSpot 64-Bit Tiered Compilers, os.version=10.0, user.home=C:\Users\dimple.a.sharma, user.timezone=Asia/Calcutta, java.awt.printerjob=sun.awt.windows.WPrinterJob, file.encoding=Cp1252, java.specification.version=1.8, java.class.path=C:\Users\dimple.a.sharma\Downloads\config server 31jan\gs-centralized-configuration-master\gs-centralized-configuration-master\complete\configuration-client\target\test-classes;C:\Users\dimple.a.sharma\Downloads\config server 31jan\gs-centralized-configuration-master\gs-centralized-configuration-master\complete\configuration-client\target\classes;C:\Users\dimple.a.sharma\.m2\repository\org\springframework\cloud\spring-cloud-starter-config\1.4.0.RELEASE\spring-cloud-starter-config-1.4.0.RELEASE.jar;C:\Users\dimple.a.sharma\.m2\repository\org\springframework\cloud\spring-cloud-starter\1.3.0.RELEASE\spring-cloud-starter-1.3.0.RELEASE.jar;C:\Users\dimple.a.sharma\.m2\repository\org\springframework\cloud\spring-cloud-context\1.3.0.RELEASE\spring-cloud-context-1.3.0.RELEASE.jar;C:\Users\dimple.a.sharma\.m2\repository\org\springframework\security\spring-security-crypto\4.2.3.RELEASE\spring-security-crypto-4.2.3.RELEASE.jar;C:\Users\dimple.a.sharma\.m2\repository\org\springframework\cloud\spring-cloud-commons\1.3.0.RELEASE\spring-cloud-commons-1.3.0.RELEASE.jar;C:\Users\dimple.a.sharma\.m2\repository\org\apache\httpcomponents\httpclient\4.5.3\httpclient-4.5.3.jar;C:\Users\dimple.a.sharma\.m2\repository\org\apache\httpcomponents\httpcore\4.4.8\httpcore-4.4.8.jar;C:\Users\dimple.a.sharma\.m2\repository\commons-codec\commons-codec\1.10\commons-codec-1.10.jar;C:\Users\dimple.a.sharma\.m2\repository\org\springframework\security\spring-security-rsa\1.0.3.RELEASE\spring-security-rsa-1.0.3.RELEASE.jar;C:\Users\dimple.a.sharma\.m2\repository\org\bouncycastle\bcpkix-jdk15on\1.55\bcpkix-jdk15on-1.55.jar;C:\Users\dimple.a.sharma\.m2\repository\org\bouncycastle\bcprov-jdk15on\1.55\bcprov-jdk15on-1.55.jar;C:\Users\dimple.a.sharma\.m2\repository\org\springframework\cloud\spring-cloud-config-client\1.4.0.RELEASE\spring-cloud-config-client-1.4.0.RELEASE.jar;C:\Users\dimple.a.sharma\.m2\repository\org\springframework\boot\spring-boot-autoconfigure\1.5.9.RELEASE\spring-boot-autoconfigure-1.5.9.RELEASE.jar;C:\Users\dimple.a.sharma\.m2\repository\com\fasterxml\jackson\core\jackson-annotations\2.8.0\jackson-annotations-2.8.0.jar;C:\Users\dimple.a.sharma\.m2\repository\com\fasterxml\jackson\core\jackson-databind\2.8.10\jackson-databind-2.8.10.jar;C:\Users\dimple.a.sharma\.m2\repository\com\fasterxml\jackson\core\jackson-core\2.8.10\jackson-core-2.8.10.jar;C:\Users\dimple.a.sharma\.m2\repository\org\springframework\boot\spring-boot-starter-actuator\1.5.9.RELEASE\spring-boot-starter-actuator-1.5.9.RELEASE.jar;C:\Users\dimple.a.sharma\.m2\repository\org\springframework\boot\spring-boot-starter\1.5.9.RELEASE\spring-boot-starter-1.5.9.RELEASE.jar;C:\Users\dimple.a.sharma\.m2\repository\org\springframework\boot\spring-boot\1.5.9.RELEASE\spring-boot-1.5.9.RELEASE.jar;C:\Users\dimple.a.sharma\.m2\repository\org\springframework\boot\spring-boot-starter-logging\1.5.9.RELEASE\spring-boot-starter-logging-1.5.9.RELEASE.jar;C:\Users\dimple.a.sharma\.m2\repository\ch\qos\logback\logback-classic\1.1.11\logback-classic-1.1.11.jar;C:\Users\dimple.a.sharma\.m2\repository\ch\qos\logback\logback-core\1.1.11\logback-core-1.1.11.jar;C:\Users\dimple.a.sharma\.m2\repository\org\slf4j\jcl-over-slf4j\1.7.25\jcl-over-slf4j-1.7.25.jar;C:\Users\dimple.a.sharma\.m2\repository\org\slf4j\jul-to-slf4j\1.7.25\jul-to-slf4j-1.7.25.jar;C:\Users\dimple.a.sharma\.m2\repository\org\slf4j\log4j-over-slf4j\1.7.25\log4j-over-slf4j-1.7.25.jar;C:\Users\dimple.a.sharma\.m2\repository\org\yaml\snakeyaml\1.17\snakeyaml-1.17.jar;C:\Users\dimple.a.sharma\.m2\repository\org\springframework\boot\spring-boot-actuator\1.5.9.RELEASE\spring-boot-actuator-1.5.9.RELEASE.jar;C:\Users\dimple.a.sharma\.m2\repository\org\springframework\spring-context\4.3.13.RELEASE\spring-context-4.3.13.RELEASE.jar;C:\Users\dimple.a.sharma\.m2\repository\org\springframework\boot\spring-boot-starter-web\1.5.9.RELEASE\spring-boot-starter-web-1.5.9.RELEASE.jar;C:\Users\dimple.a.sharma\.m2\repository\org\springframework\boot\spring-boot-starter-tomcat\1.5.9.RELEASE\spring-boot-starter-tomcat-1.5.9.RELEASE.jar;C:\Users\dimple.a.sharma\.m2\repository\org\apache\tomcat\embed\tomcat-embed-core\8.5.23\tomcat-embed-core-8.5.23.jar;C:\Users\dimple.a.sharma\.m2\repository\org\apache\tomcat\tomcat-annotations-api\8.5.23\tomcat-annotations-api-8.5.23.jar;C:\Users\dimple.a.sharma\.m2\repository\org\apache\tomcat\embed\tomcat-embed-el\8.5.23\tomcat-embed-el-8.5.23.jar;C:\Users\dimple.a.sharma\.m2\repository\org\apache\tomcat\embed\tomcat-embed-websocket\8.5.23\tomcat-embed-websocket-8.5.23.jar;C:\Users\dimple.a.sharma\.m2\repository\org\hibernate\hibernate-validator\5.3.6.Final\hibernate-validator-5.3.6.Final.jar;C:\Users\dimple.a.sharma\.m2\repository\javax\validation\validation-api\1.1.0.Final\validation-api-1.1.0.Final.jar;C:\Users\dimple.a.sharma\.m2\repository\org\jboss\logging\jboss-logging\3.3.1.Final\jboss-logging-3.3.1.Final.jar;C:\Users\dimple.a.sharma\.m
[...]
rt\1.4.0\jsonassert-1.4.0.jar;C:\Users\dimple.a.sharma\.m2\repository\com\vaadin\external\google\android-json\0.0.20131108.vaadin1\android-json-0.0.20131108.vaadin1.jar;C:\Users\dimple.a.sharma\.m2\repository\org\springframework\spring-core\4.3.13.RELEASE\spring-core-4.3.13.RELEASE.jar;C:\Users\dimple.a.sharma\.m2\repository\org\springframework\spring-test\4.3.13.RELEASE\spring-test-4.3.13.RELEASE.jar;, user.name=dimple.a.sharma, java.vm.specification.version=1.8, sun.java.command=C:\Users\dimple.a.sharma\Downloads\config server 31jan\gs-centralized-configuration-master\gs-centralized-configuration-master\complete\configuration-client\target\surefire\surefirebooter3419367963207704251.jar C:\Users\dimple.a.sharma\Downloads\config server 31jan\gs-centralized-configuration-master\gs-centralized-configuration-master\complete\configuration-client\target\surefire\surefire6712408462631642370tmp C:\Users\dimple.a.sharma\Downloads\config server 31jan\gs-centralized-configuration-master\gs-centralized-configuration-master\complete\configuration-client\target\surefire\surefire_06304167573707938297tmp, java.home=C:\Program Files\Java\jdk1.8.0_151\jre, sun.arch.data.model=64, user.language=en, java.specification.vendor=Oracle Corporation, awt.toolkit=sun.awt.windows.WToolkit, java.vm.info=mixed mode, java.version=1.8.0_151, java.ext.dirs=C:\Program Files\Java\jdk1.8.0_151\jre\lib\ext;C:\windows\Sun\Java\lib\ext, sun.boot.class.path=C:\Program Files\Java\jdk1.8.0_151\jre\lib\resources.jar;C:\Program Files\Java\jdk1.8.0_151\jre\lib\rt.jar;C:\Program Files\Java\jdk1.8.0_151\jre\lib\sunrsasign.jar;C:\Program Files\Java\jdk1.8.0_151\jre\lib\jsse.jar;C:\Program Files\Java\jdk1.8.0_151\jre\lib\jce.jar;C:\Program Files\Java\jdk1.8.0_151\jre\lib\charsets.jar;C:\Program Files\Java\jdk1.8.0_151\jre\lib\jfr.jar;C:\Program Files\Java\jdk1.8.0_151\jre\classes, java.vendor=Oracle Corporation, localRepository=C:\Users\dimple.a.sharma\.m2\repository, file.separator=\, java.vendor.url.bug=http://bugreport.sun.com/bugreport/, sun.io.unicode.encoding=UnicodeLittle, sun.cpu.endian=little, sun.desktop=windows, sun.cpu.isalist=amd64}}, SystemEnvironmentPropertySource@1702940637 {name='systemEnvironment', properties={PATH=C:\ProgramData\Oracle\Java\javapath;C:\windows\system32;C:\windows;C:\windows\System32\Wbem;C:\windows\System32\WindowsPowerShell\v1.0\;C:\Program Files\Java\jdk1.8.0_151\bin\;C:\Program Files\Git\cmd;C:\Users\dimple.a.sharma\AppData\Roaming\Cloud Foundry;C:\Program Files\apache-maven-3.5.2-bin\apache-maven-3.5.2\bin;C:\Users\dimple.a.sharma\AppData\Local\Microsoft\WindowsApps;C:\Program Files\apache-maven-3.5.2\apache-maven\src\bin;, USERDOMAIN_ROAMINGPROFILE=DIR, PROCESSOR_LEVEL=6, SYSTEMDRIVE=C:, SESSIONNAME=Console, ALLUSERSPROFILE=C:\ProgramData, PROCESSOR_ARCHITECTURE=AMD64, MAVEN_HOME=C:\Program Files\apache-maven-3.5.2-bin\apache-maven-3.5.2\bin\.., PROGRAMFILES=C:\Program Files, PSMODULEPATH=C:\Program Files\WindowsPowerShell\Modules;C:\windows\system32\WindowsPowerShell\v1.0\Modules, PROGRAMDATA=C:\ProgramData, USERNAME=dimple.a.sharma, USERDNSDOMAIN=DIR.SVC.ACCENTURE.COM, WDIR=C:\Users\dimple.a.sharma\Downloads\config server 31jan\gs-centralized-configuration-master\gs-centralized-configuration-master\complete, ONEDRIVE=C:\Users\dimple.a.sharma\OneDrive, PATHEXT=.COM;.EXE;.BAT;.CMD;.VBS;.VBE;.JS;.JSE;.WSF;.WSH;.MSC, CLASSWORLDS_JAR="C:\Program Files\apache-maven-3.5.2-bin\apache-maven-3.5.2\bin\..\boot\plexus-classworlds-2.5.2.jar", WINDIR=C:\windows, HOMEPATH=\Users\dimple.a.sharma, PROCESSOR_IDENTIFIER=Intel64 Family 6 Model 69 Stepping 1, GenuineIntel, M2_HOME=C:\Program Files\apache-maven-3.5.2-bin\apache-maven-3.5.2, PUBLIC=C:\Users\Public, LOCALAPPDATA=C:\Users\dimple.a.sharma\AppData\Local, COMMONPROGRAMFILES(X86)=C:\Program Files (x86)\Common Files, USERDOMAIN=DIR, LOGONSERVER=\\BG7DC3201, JAVA_HOME=C:\Program Files\Java\jdk1.8.0_151, PROMPT=$P$G, PROGRAMFILES(X86)=C:\Program Files (x86), ERROR_CODE=0, EXEC_DIR=C:\Users\dimple.a.sharma\Downloads\config server 31jan\gs-centralized-configuration-master\gs-centralized-configuration-master\complete\configuration-client, =C:=C:\Users\dimple.a.sharma\Downloads\config server 31jan\gs-centralized-configuration-master\gs-centralized-configuration-master\complete\configuration-client, APPDATA=C:\Users\dimple.a.sharma\AppData\Roaming, PROGRAMW6432=C:\Program Files, SYSTEMROOT=C:\windows, MAVEN_CMD_LINE_ARGS=clean install, OS=Windows_NT, COMMONPROGRAMW6432=C:\Program Files\Common Files, COMPUTERNAME=BDC7-L-5103GM7, COMMONPROGRAMFILES=C:\Program Files\Common Files, COMSPEC=C:\windows\system32\cmd.exe, JAVACMD=C:\Program Files\Java\jdk1.8.0_151\bin\java.exe, MAVEN_PROJECTBASEDIR=C:\Users\dimple.a.sharma\Downloads\config server 31jan\gs-centralized-configuration-master\gs-centralized-configuration-master\complete, PROCESSOR_REVISION=4501, UATDATA=C:\windows\CCM\UATData\D9F8C395-CAB8-491d-B8AC-179A1FE1BE77, CLASSWORLDS_LAUNCHER=org.codehaus.plexus.classworlds.launcher.Launcher, TEMP=C:\Users\DIMPLE~1.SHA\AppData\Local\Temp, HOMEDRIVE=C:, USERPROFILE=C:\Users\dimple.a.sharma, TMP=C:\Users\DIMPLE~1.SHA\AppData\Local\Temp, NUMBER_OF_PROCESSORS=4, JVMCONFIG=\.mvn\jvm.config}}]
17:02:15.190 [main] DEBUG org.springframework.core.env.MutablePropertySources - Adding PropertySource 'inline' with highest search precedence
17:02:15.223 [main] DEBUG org.springframework.test.context.support.TestPropertySourceUtils - Adding inlined properties to environment: {spring.jmx.enabled=false, org.springframework.boot.test.context.SpringBootTestContextBootstrapper=true, server.port=-1}
17:02:15.224 [main] DEBUG org.springframework.core.env.StandardEnvironment - Adding PropertySource 'Inlined Test Properties' with highest search precedence
2018-01-31 17:02:16.270  INFO 15920 --- [           main] s.c.a.AnnotationConfigApplicationContext : Refreshing org.springframework.context.annotation.AnnotationConfigApplicationContext@750e2b97: startup date [Wed Jan 31 17:02:16 IST 2018]; root of context hierarchy
2018-01-31 17:02:17.128  INFO 15920 --- [           main] trationDelegate$BeanPostProcessorChecker : Bean 'configurationPropertiesRebinderAutoConfiguration' of type [org.springframework.cloud.autoconfigure.ConfigurationPropertiesRebinderAutoConfiguration$$EnhancerBySpringCGLIB$$f4b6bd2d] is not eligible for getting processed by all BeanPostProcessors (for example: not eligible for auto-proxying)

  .   ____          _            __ _ _
 /\\ / ___'_ __ _ _(_)_ __  __ _ \ \ \ \
( ( )\___ | '_ | '_| | '_ \/ _` | \ \ \ \
 \\/  ___)| |_)| | | | | || (_| |  ) ) ) )
  '  |____| .__|_| |_|_| |_\__, | / / / /
 =========|_|==============|___/=/_/_/_/
 :: Spring Boot ::        (v1.5.9.RELEASE)

2018-01-31 17:02:18.649  INFO 15920 --- [           main] c.c.c.ConfigServicePropertySourceLocator : Fetching config from server at: http://localhost:9999
2018-01-31 17:02:20.218  WARN 15920 --- [           main] c.c.c.ConfigServicePropertySourceLocator : Could not locate PropertySource: I/O error on GET request for "http://localhost:9999/cook/default": Connection refused: connect; nested exception is java.net.ConnectException: Connection refused: connect
2018-01-31 17:02:20.252  INFO 15920 --- [           main] hello.ConfigClientApplicationTest        : No active profile set, falling back to default profiles: default
2018-01-31 17:02:20.260  INFO 15920 --- [           main] o.s.w.c.s.GenericWebApplicationContext   : Refreshing org.springframework.web.context.support.GenericWebApplicationContext@4c6daf0: startup date [Wed Jan 31 17:02:20 IST 2018]; parent: org.springframework.context.annotation.AnnotationConfigApplicationContext@750e2b97
2018-01-31 17:02:21.758  INFO 15920 --- [           main] o.s.cloud.context.scope.GenericScope     : BeanFactory id=75a8434d-f447-34ff-b5a0-20ef13c69407
2018-01-31 17:02:22.027  INFO 15920 --- [           main] trationDelegate$BeanPostProcessorChecker : Bean 'org.springframework.cloud.autoconfigure.ConfigurationPropertiesRebinderAutoConfiguration' of type [org.springframework.cloud.autoconfigure.ConfigurationPropertiesRebinderAutoConfiguration$$EnhancerBySpringCGLIB$$f4b6bd2d] is not eligible for getting processed by all BeanPostProcessors (for example: not eligible for auto-proxying)
2018-01-31 17:02:23.251  INFO 15920 --- [           main] s.w.s.m.m.a.RequestMappingHandlerAdapter : Looking for @ControllerAdvice: org.springframework.web.context.support.GenericWebApplicationContext@4c6daf0: startup date [Wed Jan 31 17:02:20 IST 2018]; parent: org.springframework.context.annotation.AnnotationConfigApplicationContext@750e2b97
2018-01-31 17:02:23.435  INFO 15920 --- [           main] s.w.s.m.m.a.RequestMappingHandlerMapping : Mapped "{[/cook.special]}" onto java.lang.String hello.MessageRestController.getMessage()
2018-01-31 17:02:23.444  INFO 15920 --- [           main] s.w.s.m.m.a.RequestMappingHandlerMapping : Mapped "{[/error]}" onto public org.springframework.http.ResponseEntity<java.util.Map<java.lang.String, java.lang.Object>> org.springframework.boot.autoconfigure.web.BasicErrorController.error(javax.servlet.http.HttpServletRequest)
2018-01-31 17:02:23.444  INFO 15920 --- [           main] s.w.s.m.m.a.RequestMappingHandlerMapping : Mapped "{[/error],produces=[text/html]}" onto public org.springframework.web.servlet.ModelAndView org.springframework.boot.autoconfigure.web.BasicErrorController.errorHtml(javax.servlet.http.HttpServletRequest,javax.servlet.http.HttpServletResponse)
2018-01-31 17:02:23.547  INFO 15920 --- [           main] o.s.w.s.handler.SimpleUrlHandlerMapping  : Mapped URL path [/webjars/**] onto handler of type [class org.springframework.web.servlet.resource.ResourceHttpRequestHandler]
2018-01-31 17:02:23.547  INFO 15920 --- [           main] o.s.w.s.handler.SimpleUrlHandlerMapping  : Mapped URL path [/**] onto handler of type [class org.springframework.web.servlet.resource.ResourceHttpRequestHandler]
2018-01-31 17:02:23.642  INFO 15920 --- [           main] o.s.w.s.handler.SimpleUrlHandlerMapping  : Mapped URL path [/**/favicon.ico] onto handler of type [class org.springframework.web.servlet.resource.ResourceHttpRequestHandler]
2018-01-31 17:02:24.452  INFO 15920 --- [           main] o.s.b.a.e.mvc.EndpointHandlerMapping     : Mapped "{[/loggers/{name:.*}],methods=[GET],produces=[application/vnd.spring-boot.actuator.v1+json || application/json]}" onto public java.lang.Object org.springframework.boot.actuate.endpoint.mvc.LoggersMvcEndpoint.get(java.lang.String)
2018-01-31 17:02:24.456  INFO 15920 --- [           main] o.s.b.a.e.mvc.EndpointHandlerMapping     : Mapped "{[/loggers/{name:.*}],methods=[POST],consumes=[application/vnd.spring-boot.actuator.v1+json || application/json],produces=[application/vnd.spring-boot.actuator.v1+json || application/json]}" onto public java.lang.Object org.springframework.boot.actuate.endpoint.mvc.LoggersMvcEndpoint.set(java.lang.String,java.util.Map<java.lang.String, java.lang.String>)
2018-01-31 17:02:24.457  INFO 15920 --- [           main] o.s.b.a.e.mvc.EndpointHandlerMapping     : Mapped "{[/loggers || /loggers.json],methods=[GET],produces=[application/vnd.spring-boot.actuator.v1+json || application/json]}" onto public java.lang.Object org.springframework.boot.actuate.endpoint.mvc.EndpointMvcAdapter.invoke()
2018-01-31 17:02:24.461  INFO 15920 --- [           main] o.s.b.a.e.mvc.EndpointHandlerMapping     : Mapped "{[/features || /features.json],methods=[GET],produces=[application/vnd.spring-boot.actuator.v1+json || application/json]}" onto public java.lang.Object org.springframework.boot.actuate.endpoint.mvc.EndpointMvcAdapter.invoke()
2018-01-31 17:02:24.464  INFO 15920 --- [           main] o.s.b.a.e.mvc.EndpointHandlerMapping     : Mapped "{[/info || /info.json],methods=[GET],produces=[application/vnd.spring-boot.actuator.v1+json || application/json]}" onto public java.lang.Object org.springframework.boot.actuate.endpoint.mvc.EndpointMvcAdapter.invoke()
2018-01-31 17:02:24.469  INFO 15920 --- [           main] o.s.b.a.e.mvc.EndpointHandlerMapping     : Mapped "{[/trace || /trace.json],methods=[GET],produces=[application/vnd.spring-boot.actuator.v1+json || application/json]}" onto public java.lang.Object org.springframework.boot.actuate.endpoint.mvc.EndpointMvcAdapter.invoke()
2018-01-31 17:02:24.472  INFO 15920 --- [           main] o.s.b.a.e.mvc.EndpointHandlerMapping     : Mapped "{[/refresh || /refresh.json],methods=[POST]}" onto public java.lang.Object org.springframework.cloud.endpoint.GenericPostableMvcEndpoint.invoke()
2018-01-31 17:02:24.474  INFO 15920 --- [           main] o.s.b.a.e.mvc.EndpointHandlerMapping     : Mapped "{[/beans || /beans.json],methods=[GET],produces=[application/vnd.spring-boot.actuator.v1+json || application/json]}" onto public java.lang.Object org.springframework.boot.actuate.endpoint.mvc.EndpointMvcAdapter.invoke()
2018-01-31 17:02:24.481  INFO 15920 --- [           main] o.s.b.a.e.mvc.EndpointHandlerMapping     : Mapped "{[/mappings || /mappings.json],methods=[GET],produces=[application/vnd.spring-boot.actuator.v1+json || application/json]}" onto public java.lang.Object org.springframework.boot.actuate.endpoint.mvc.EndpointMvcAdapter.invoke()
2018-01-31 17:02:24.488  INFO 15920 --- [           main] o.s.b.a.e.mvc.EndpointHandlerMapping     : Mapped "{[/metrics/{name:.*}],methods=[GET],produces=[application/vnd.spring-boot.actuator.v1+json || application/json]}" onto public java.lang.Object org.springframework.boot.actuate.endpoint.mvc.MetricsMvcEndpoint.value(java.lang.String)
2018-01-31 17:02:24.489  INFO 15920 --- [           main] o.s.b.a.e.mvc.EndpointHandlerMapping     : Mapped "{[/metrics || /metrics.json],methods=[GET],produces=[application/vnd.spring-boot.actuator.v1+json || application/json]}" onto public java.lang.Object org.springframework.boot.actuate.endpoint.mvc.EndpointMvcAdapter.invoke()
2018-01-31 17:02:24.491  INFO 15920 --- [           main] o.s.b.a.e.mvc.EndpointHandlerMapping     : Mapped "{[/health || /health.json],methods=[GET],produces=[application/vnd.spring-boot.actuator.v1+json || application/json]}" onto public java.lang.Object org.springframework.boot.actuate.endpoint.mvc.HealthMvcEndpoint.invoke(javax.servlet.http.HttpServletRequest,java.security.Principal)
2018-01-31 17:02:24.493  INFO 15920 --- [           main] o.s.b.a.e.mvc.EndpointHandlerMapping     : Mapped "{[/env],methods=[POST]}" onto public java.lang.Object org.springframework.cloud.context.environment.EnvironmentManagerMvcEndpoint.value(java.util.Map<java.lang.String, java.lang.String>)
2018-01-31 17:02:24.495  INFO 15920 --- [           main] o.s.b.a.e.mvc.EndpointHandlerMapping     : Mapped "{[/env/reset],methods=[POST]}" onto public java.util.Map<java.lang.String, java.lang.Object> org.springframework.cloud.context.environment.EnvironmentManagerMvcEndpoint.reset()
2018-01-31 17:02:24.498  INFO 15920 --- [           main] o.s.b.a.e.mvc.EndpointHandlerMapping     : Mapped "{[/auditevents || /auditevents.json],methods=[GET],produces=[application/vnd.spring-boot.actuator.v1+json || application/json]}" onto public org.springframework.http.ResponseEntity<?> org.springframework.boot.actuate.endpoint.mvc.AuditEventsMvcEndpoint.findByPrincipalAndAfterAndType(java.lang.String,java.util.Date,java.lang.String)
2018-01-31 17:02:24.506  INFO 15920 --- [           main] o.s.b.a.e.mvc.EndpointHandlerMapping     : Mapped "{[/autoconfig || /autoconfig.json],methods=[GET],produces=[application/vnd.spring-boot.actuator.v1+json || application/json]}" onto public java.lang.Object org.springframework.boot.actuate.endpoint.mvc.EndpointMvcAdapter.invoke()
2018-01-31 17:02:24.509  INFO 15920 --- [           main] o.s.b.a.e.mvc.EndpointHandlerMapping     : Mapped "{[/heapdump || /heapdump.json],methods=[GET],produces=[application/octet-stream]}" onto public void org.springframework.boot.actuate.endpoint.mvc.HeapdumpMvcEndpoint.invoke(boolean,javax.servlet.http.HttpServletRequest,javax.servlet.http.HttpServletResponse) throws java.io.IOException,javax.servlet.ServletException
2018-01-31 17:02:24.511  INFO 15920 --- [           main] o.s.b.a.e.mvc.EndpointHandlerMapping     : Mapped "{[/dump || /dump.json],methods=[GET],produces=[application/vnd.spring-boot.actuator.v1+json || application/json]}" onto public java.lang.Object org.springframework.boot.actuate.endpoint.mvc.EndpointMvcAdapter.invoke()
2018-01-31 17:02:24.513  INFO 15920 --- [           main] o.s.b.a.e.mvc.EndpointHandlerMapping     : Mapped "{[/configprops || /configprops.json],methods=[GET],produces=[application/vnd.spring-boot.actuator.v1+json || application/json]}" onto public java.lang.Object org.springframework.boot.actuate.endpoint.mvc.EndpointMvcAdapter.invoke()
2018-01-31 17:02:24.514  INFO 15920 --- [           main] o.s.b.a.e.mvc.EndpointHandlerMapping     : Mapped "{[/env/{name:.*}],methods=[GET],produces=[application/vnd.spring-boot.actuator.v1+json || application/json]}" onto public java.lang.Object org.springframework.boot.actuate.endpoint.mvc.EnvironmentMvcEndpoint.value(java.lang.String)
2018-01-31 17:02:24.515  INFO 15920 --- [           main] o.s.b.a.e.mvc.EndpointHandlerMapping     : Mapped "{[/env || /env.json],methods=[GET],produces=[application/vnd.spring-boot.actuator.v1+json || application/json]}" onto public java.lang.Object org.springframework.boot.actuate.endpoint.mvc.EndpointMvcAdapter.invoke()
2018-01-31 17:02:25.416  INFO 15920 --- [           main] hello.ConfigClientApplicationTest        : Started ConfigClientApplicationTest in 10.14 seconds (JVM running for 12.264)
2018-01-31 17:02:26.021  INFO 15920 --- [           main] s.c.a.AnnotationConfigApplicationContext : Refreshing org.springframework.context.annotation.AnnotationConfigApplicationContext@3e8799f: startup date [Wed Jan 31 17:02:26 IST 2018]; root of context hierarchy
2018-01-31 17:02:26.150  INFO 15920 --- [           main] trationDelegate$BeanPostProcessorChecker : Bean 'configurationPropertiesRebinderAutoConfiguration' of type [org.springframework.cloud.autoconfigure.ConfigurationPropertiesRebinderAutoConfiguration$$EnhancerBySpringCGLIB$$f4b6bd2d] is not eligible for getting processed by all BeanPostProcessors (for example: not eligible for auto-proxying)
2018-01-31 17:02:26.492  INFO 15920 --- [           main] c.c.c.ConfigServicePropertySourceLocator : Fetching config from server at: http://localhost:9999
2018-01-31 17:02:27.507  WARN 15920 --- [           main] c.c.c.ConfigServicePropertySourceLocator : Could not locate PropertySource: I/O error on GET request for "http://localhost:9999/cook/default": Connection refused: connect; nested exception is java.net.ConnectException: Connection refused: connect
2018-01-31 17:02:27.509  INFO 15920 --- [           main] o.a.maven.surefire.booter.ForkedBooter   : No active profile set, falling back to default profiles: default
2018-01-31 17:02:27.515  INFO 15920 --- [           main] s.c.a.AnnotationConfigApplicationContext : Refreshing org.springframework.context.annotation.AnnotationConfigApplicationContext@11dcd42c: startup date [Wed Jan 31 17:02:27 IST 2018]; parent: org.springframework.context.annotation.AnnotationConfigApplicationContext@3e8799f
2018-01-31 17:02:27.582  INFO 15920 --- [           main] o.a.maven.surefire.booter.ForkedBooter   : Started ForkedBooter in 1.832 seconds (JVM running for 14.431)
2018-01-31 17:02:27.583  INFO 15920 --- [           main] s.c.a.AnnotationConfigApplicationContext : Closing org.springframework.context.annotation.AnnotationConfigApplicationContext@11dcd42c: startup date [Wed Jan 31 17:02:27 IST 2018]; parent: org.springframework.context.annotation.AnnotationConfigApplicationContext@3e8799f
2018-01-31 17:02:27.588  INFO 15920 --- [           main] s.c.a.AnnotationConfigApplicationContext : Closing org.springframework.context.annotation.AnnotationConfigApplicationContext@3e8799f: startup date [Wed Jan 31 17:02:26 IST 2018]; root of context hierarchy
]]></system-out>
  </testcase>
</testsuite>